Modified assembly file saved as: program_new.s
opcode: mul	leftStr: s2	rightStr: s3
opcode: addi	leftStr: s3	rightStr: 11
opcode: mul	leftStr: s4	rightStr: s4
opcode: mul	leftStr: s3	rightStr: s4
opcode: add	leftStr: s2	rightStr: s3
opcode: mul	leftStr: s4	rightStr: s4
opcode: mul	leftStr: s1	rightStr: s1
opcode: add	leftStr: s2	rightStr: s3
Number of immediate instructions (n_i): 32
Number of general instructions (n_g): 8
Matrix order: 41
Matrix A:
0 0 0 0 0 0 0 0 0 0 0 0 0 0 0 0 0 0 0 0 0 0 0 0 0 0 0 0 0 0 0 0 0 0 0 0 0 0 0 0 0 
0 0 0 0 0 0 0 0 0 0 0 0 0 0 0 0 0 0 0 0 0 0 0 0 0 0 0 0 0 0 0 0 0 0 0 0 0 0 0 0 0 
0 0 0 0 0 0 0 0 0 0 0 0 0 0 0 0 0 0 0 0 0 0 0 0 0 0 0 0 0 0 0 0 0 0 0 0 0 0 0 0 0 
0 0 0 0 0 0 0 0 0 0 0 0 0 0 0 0 0 0 0 0 0 0 0 0 0 0 0 0 0 0 0 0 0 0 0 0 0 0 0 0 0 
0 0 0 0 0 0 0 0 0 0 0 0 0 0 0 0 0 0 0 0 0 0 0 0 0 0 0 0 0 0 0 0 0 0 0 0 0 0 0 0 0 
0 0 0 0 0 0 0 0 0 0 0 0 0 0 0 0 0 0 0 0 0 0 0 0 0 0 0 0 0 0 0 0 0 0 0 0 0 0 0 0 0 
0 0 0 0 0 0 0 0 0 0 0 0 0 0 0 0 0 0 0 0 0 0 0 0 0 0 0 0 0 0 0 0 0 0 0 0 0 0 0 0 0 
0 0 0 0 0 0 0 0 0 0 0 0 0 0 0 0 0 0 0 0 0 0 0 0 0 0 0 0 0 0 0 0 0 0 0 0 0 0 0 0 0 
0 0 0 0 0 0 0 0 0 0 0 0 0 0 0 0 0 0 0 0 0 0 0 0 0 0 0 0 0 0 0 0 0 0 0 0 0 0 0 0 0 
0 0 0 0 0 0 0 0 0 0 0 0 0 0 0 0 0 0 0 0 0 0 0 0 0 0 0 0 0 0 0 0 0 0 0 0 0 0 0 0 0 
0 0 0 0 0 0 0 0 0 0 0 0 0 0 0 0 0 0 0 0 0 0 0 0 0 0 0 0 0 0 0 0 0 0 0 0 0 0 0 0 0 
0 0 0 0 0 0 0 0 0 0 0 0 0 0 0 0 0 0 0 0 0 0 0 0 0 0 0 0 0 0 0 0 0 0 0 0 0 0 0 0 0 
0 0 0 0 0 0 0 0 0 0 0 0 0 0 0 0 0 0 0 0 0 0 0 0 0 0 0 0 0 0 0 0 0 0 0 0 0 0 0 0 0 
0 0 0 0 0 0 0 0 0 0 0 0 0 0 0 0 0 0 0 0 0 0 0 0 0 0 0 0 0 0 0 0 0 0 0 0 0 0 0 0 0 
0 0 0 0 0 0 0 0 0 0 0 0 0 0 0 0 0 0 0 0 0 0 0 0 0 0 0 0 0 0 0 0 0 0 0 0 0 0 0 0 0 
0 0 0 0 0 0 0 0 0 0 0 0 0 0 0 0 0 0 0 0 0 0 0 0 0 0 0 0 0 0 0 0 0 0 0 0 0 0 0 0 0 
0 0 0 0 0 0 0 0 0 0 0 0 0 0 0 0 0 0 0 0 0 0 0 0 0 0 0 0 0 0 0 0 0 0 0 0 0 0 0 0 0 
0 0 0 0 0 0 0 0 0 0 0 0 0 0 0 0 0 0 0 0 0 0 0 0 0 0 0 0 0 0 0 0 0 0 0 0 0 0 0 0 0 
0 0 0 0 0 0 0 0 0 0 0 0 0 0 0 0 0 0 0 0 0 0 0 0 0 0 0 0 0 0 0 0 0 0 0 0 0 0 0 0 0 
0 0 0 0 0 0 0 0 0 0 0 0 0 0 0 0 0 0 0 0 0 0 0 0 0 0 0 0 0 0 0 0 0 0 0 0 0 0 0 0 0 
0 0 0 0 0 0 0 0 0 0 0 0 0 0 0 0 0 0 0 0 0 0 0 0 0 0 0 0 0 0 0 0 0 0 0 0 0 0 0 0 0 
0 0 0 0 0 0 0 0 0 0 0 0 0 0 0 0 0 0 0 0 0 0 0 0 0 0 0 0 0 0 0 0 0 0 0 0 0 0 0 0 0 
0 0 0 0 0 0 0 0 0 0 0 0 0 0 0 0 0 0 0 0 0 0 0 0 0 0 0 0 0 0 0 0 0 0 0 0 0 0 0 0 0 
0 0 0 0 0 0 0 0 0 0 0 0 0 0 0 0 0 0 0 0 0 0 0 0 0 0 0 0 0 0 0 0 0 0 0 0 0 0 0 0 0 
0 0 0 0 0 0 0 0 0 0 0 0 0 0 0 0 0 0 0 0 0 0 0 0 0 0 0 0 0 0 0 0 0 0 0 0 0 0 0 0 0 
0 0 0 0 0 0 0 0 0 0 0 0 0 0 0 0 0 0 0 0 0 0 0 0 0 0 0 0 0 0 0 0 0 0 0 0 0 0 0 0 0 
0 0 0 0 0 0 0 0 0 0 0 0 0 0 0 0 0 0 0 0 0 0 0 0 0 0 0 0 0 0 0 0 0 0 0 0 0 0 0 0 0 
0 0 0 0 0 0 0 0 0 0 0 0 0 0 0 0 0 0 0 0 0 0 0 0 0 0 0 0 0 0 0 0 0 0 0 0 0 0 0 0 0 
0 0 0 0 0 0 0 0 0 0 0 0 0 0 0 0 0 0 0 0 0 0 0 0 0 0 0 0 0 0 0 0 0 0 0 0 0 0 0 0 0 
0 0 0 0 0 0 0 0 0 0 0 0 0 0 0 0 0 0 0 0 0 0 0 0 0 0 0 0 0 0 0 0 0 0 0 0 0 0 0 0 0 
0 0 0 0 0 0 0 0 0 0 0 0 0 0 0 0 0 0 0 0 0 0 0 0 0 0 0 0 0 0 0 0 0 0 0 0 0 0 0 0 0 
0 0 0 0 0 0 0 0 0 0 0 0 0 0 0 0 0 0 0 0 0 0 0 0 0 0 0 0 0 0 0 0 0 0 0 0 0 0 0 0 0 
0 0 0 0 0 0 0 0 0 0 0 0 0 0 0 0 0 0 0 0 0 0 0 0 0 0 0 0 0 0 0 0 0 0 0 0 0 0 0 0 0 
0 0 0 0 0 0 0 0 0 0 0 0 0 0 0 0 0 0 0 1 0 0 0 0 0 0 0 0 0 0 0 0 0 0 0 0 0 0 0 0 0 
1 0 0 0 0 0 0 0 0 0 0 0 0 0 0 0 0 0 0 0 0 0 0 0 0 0 0 0 0 0 0 0 0 0 0 0 0 0 0 0 0 
0 0 0 0 0 0 0 0 0 0 0 0 0 0 0 0 0 0 0 0 0 1 0 0 0 0 0 0 0 0 0 0 0 0 0 0 0 0 0 0 0 
0 0 0 0 0 0 0 0 0 0 0 0 0 0 0 0 0 0 0 0 1 0 0 0 0 0 0 0 0 0 0 0 0 0 0 0 0 0 0 0 0 
1 0 0 0 0 0 0 0 0 0 0 0 0 0 0 0 0 0 0 0 0 0 0 0 0 0 0 0 0 0 0 0 0 0 0 0 0 0 0 0 0 
0 0 0 0 0 0 0 0 0 0 0 0 0 0 0 0 0 0 0 0 0 1 0 0 0 0 0 0 0 0 0 0 0 0 0 0 0 0 0 0 0 
0 0 0 0 0 0 0 0 0 0 0 0 0 0 0 0 0 0 0 0 0 0 0 0 0 0 0 0 0 0 0 0 0 0 0 0 0 1 0 0 0 
1 0 0 0 0 0 0 0 0 0 0 0 0 0 0 0 0 0 0 0 0 0 0 0 0 0 0 0 0 0 0 0 0 0 0 0 0 0 0 0 0 
Matrix B:
0 0 0 0 0 0 0 0 0 0 0 0 0 0 0 0 0 0 0 0 0 0 0 0 0 0 0 0 0 0 0 0 0 0 0 0 0 0 0 0 0 
0 0 0 0 0 0 0 0 0 0 0 0 0 0 0 0 0 0 0 0 0 0 0 0 0 0 0 0 0 0 0 0 0 0 0 0 0 0 0 0 0 
0 0 0 0 0 0 0 0 0 0 0 0 0 0 0 0 0 0 0 0 0 0 0 0 0 0 0 0 0 0 0 0 0 0 0 0 0 0 0 0 0 
0 0 0 0 0 0 0 0 0 0 0 0 0 0 0 0 0 0 0 0 0 0 0 0 0 0 0 0 0 0 0 0 0 0 0 0 0 0 0 0 0 
0 0 0 0 0 0 0 0 0 0 0 0 0 0 0 0 0 0 0 0 0 0 0 0 0 0 0 0 0 0 0 0 0 0 0 0 0 0 0 0 0 
0 0 0 0 0 0 0 0 0 0 0 0 0 0 0 0 0 0 0 0 0 0 0 0 0 0 0 0 0 0 0 0 0 0 0 0 0 0 0 0 0 
0 0 0 0 0 0 0 0 0 0 0 0 0 0 0 0 0 0 0 0 0 0 0 0 0 0 0 0 0 0 0 0 0 0 0 0 0 0 0 0 0 
0 0 0 0 0 0 0 0 0 0 0 0 0 0 0 0 0 0 0 0 0 0 0 0 0 0 0 0 0 0 0 0 0 0 0 0 0 0 0 0 0 
0 0 0 0 0 0 0 0 0 0 0 0 0 0 0 0 0 0 0 0 0 0 0 0 0 0 0 0 0 0 0 0 0 0 0 0 0 0 0 0 0 
0 0 0 0 0 0 0 0 0 0 0 0 0 0 0 0 0 0 0 0 0 0 0 0 0 0 0 0 0 0 0 0 0 0 0 0 0 0 0 0 0 
0 0 0 0 0 0 0 0 0 0 0 0 0 0 0 0 0 0 0 0 0 0 0 0 0 0 0 0 0 0 0 0 0 0 0 0 0 0 0 0 0 
0 0 0 0 0 0 0 0 0 0 0 0 0 0 0 0 0 0 0 0 0 0 0 0 0 0 0 0 0 0 0 0 0 0 0 0 0 0 0 0 0 
0 0 0 0 0 0 0 0 0 0 0 0 0 0 0 0 0 0 0 0 0 0 0 0 0 0 0 0 0 0 0 0 0 0 0 0 0 0 0 0 0 
0 0 0 0 0 0 0 0 0 0 0 0 0 0 0 0 0 0 0 0 0 0 0 0 0 0 0 0 0 0 0 0 0 0 0 0 0 0 0 0 0 
0 0 0 0 0 0 0 0 0 0 0 0 0 0 0 0 0 0 0 0 0 0 0 0 0 0 0 0 0 0 0 0 0 0 0 0 0 0 0 0 0 
0 0 0 0 0 0 0 0 0 0 0 0 0 0 0 0 0 0 0 0 0 0 0 0 0 0 0 0 0 0 0 0 0 0 0 0 0 0 0 0 0 
0 0 0 0 0 0 0 0 0 0 0 0 0 0 0 0 0 0 0 0 0 0 0 0 0 0 0 0 0 0 0 0 0 0 0 0 0 0 0 0 0 
0 0 0 0 0 0 0 0 0 0 0 0 0 0 0 0 0 0 0 0 0 0 0 0 0 0 0 0 0 0 0 0 0 0 0 0 0 0 0 0 0 
0 0 0 0 0 0 0 0 0 0 0 0 0 0 0 0 0 0 0 0 0 0 0 0 0 0 0 0 0 0 0 0 0 0 0 0 0 0 0 0 0 
0 0 0 0 0 0 0 0 0 0 0 0 0 0 0 0 0 0 0 0 0 0 0 0 0 0 0 0 0 0 0 0 0 0 0 0 0 0 0 0 0 
0 0 0 0 0 0 0 0 0 0 0 0 0 0 0 0 0 0 0 0 0 0 0 0 0 0 0 0 0 0 0 0 0 0 0 0 0 0 0 0 0 
0 0 0 0 0 0 0 0 0 0 0 0 0 0 0 0 0 0 0 0 0 0 0 0 0 0 0 0 0 0 0 0 0 0 0 0 0 0 0 0 0 
0 0 0 0 0 0 0 0 0 0 0 0 0 0 0 0 0 0 0 0 0 0 0 0 0 0 0 0 0 0 0 0 0 0 0 0 0 0 0 0 0 
0 0 0 0 0 0 0 0 0 0 0 0 0 0 0 0 0 0 0 0 0 0 0 0 0 0 0 0 0 0 0 0 0 0 0 0 0 0 0 0 0 
0 0 0 0 0 0 0 0 0 0 0 0 0 0 0 0 0 0 0 0 0 0 0 0 0 0 0 0 0 0 0 0 0 0 0 0 0 0 0 0 0 
0 0 0 0 0 0 0 0 0 0 0 0 0 0 0 0 0 0 0 0 0 0 0 0 0 0 0 0 0 0 0 0 0 0 0 0 0 0 0 0 0 
0 0 0 0 0 0 0 0 0 0 0 0 0 0 0 0 0 0 0 0 0 0 0 0 0 0 0 0 0 0 0 0 0 0 0 0 0 0 0 0 0 
0 0 0 0 0 0 0 0 0 0 0 0 0 0 0 0 0 0 0 0 0 0 0 0 0 0 0 0 0 0 0 0 0 0 0 0 0 0 0 0 0 
0 0 0 0 0 0 0 0 0 0 0 0 0 0 0 0 0 0 0 0 0 0 0 0 0 0 0 0 0 0 0 0 0 0 0 0 0 0 0 0 0 
0 0 0 0 0 0 0 0 0 0 0 0 0 0 0 0 0 0 0 0 0 0 0 0 0 0 0 0 0 0 0 0 0 0 0 0 0 0 0 0 0 
0 0 0 0 0 0 0 0 0 0 0 0 0 0 0 0 0 0 0 0 0 0 0 0 0 0 0 0 0 0 0 0 0 0 0 0 0 0 0 0 0 
0 0 0 0 0 0 0 0 0 0 0 0 0 0 0 0 0 0 0 0 0 0 0 0 0 0 0 0 0 0 0 0 0 0 0 0 0 0 0 0 0 
0 0 0 0 0 0 0 0 0 0 0 0 0 0 0 0 0 0 0 0 0 0 0 0 0 0 0 0 0 0 0 0 0 0 0 0 0 0 0 0 0 
0 0 0 0 0 0 0 0 0 0 0 0 0 0 0 0 0 0 0 0 1 0 0 0 0 0 0 0 0 0 0 0 0 0 0 0 0 0 0 0 0 
11 0 0 0 0 0 0 0 0 0 0 0 0 0 0 0 0 0 0 0 1 0 0 0 0 0 0 0 0 0 0 0 0 0 0 0 0 0 0 0 0 
0 0 0 0 0 0 0 0 0 0 0 0 0 0 0 0 0 0 0 0 0 1 0 0 0 0 0 0 0 0 0 0 0 0 0 0 0 0 0 0 0 
0 0 0 0 0 0 0 0 0 0 0 0 0 0 0 0 0 0 0 0 0 1 0 0 0 0 0 0 0 0 0 0 0 0 0 0 0 0 0 0 0 
0 0 0 0 0 0 0 0 0 0 0 0 0 0 0 0 0 0 0 0 0 0 0 0 0 0 0 0 0 0 0 0 0 0 0 1 1 0 0 0 0 
0 0 0 0 0 0 0 0 0 0 0 0 0 0 0 0 0 0 0 0 0 1 0 0 0 0 0 0 0 0 0 0 0 0 0 0 0 0 0 0 0 
0 0 0 0 0 0 0 0 0 0 0 0 0 0 0 0 0 0 0 0 0 0 0 0 0 0 0 0 0 0 0 0 0 0 0 0 0 1 0 0 0 
0 0 0 0 0 0 0 0 0 0 0 0 0 0 0 0 0 0 0 0 0 0 0 0 0 0 0 0 0 0 0 0 0 0 0 0 0 0 1 1 0 
Matrix C:
0 0 0 0 0 0 0 0 0 0 0 0 0 0 0 0 0 0 0 0 0 0 0 0 0 0 0 0 0 0 0 0 0 0 0 0 0 0 0 0 0 
0 0 0 0 0 0 0 0 0 0 0 0 0 0 0 0 0 0 0 0 0 0 0 0 0 0 0 0 0 0 0 0 0 0 0 0 0 0 0 0 0 
0 0 0 0 0 0 0 0 0 0 0 0 0 0 0 0 0 0 0 0 0 0 0 0 0 0 0 0 0 0 0 0 0 0 0 0 0 0 0 0 0 
0 0 0 0 0 0 0 0 0 0 0 0 0 0 0 0 0 0 0 0 0 0 0 0 0 0 0 0 0 0 0 0 0 0 0 0 0 0 0 0 0 
0 0 0 0 0 0 0 0 0 0 0 0 0 0 0 0 0 0 0 0 0 0 0 0 0 0 0 0 0 0 0 0 0 0 0 0 0 0 0 0 0 
0 0 0 0 0 0 0 0 0 0 0 0 0 0 0 0 0 0 0 0 0 0 0 0 0 0 0 0 0 0 0 0 0 0 0 0 0 0 0 0 0 
0 0 0 0 0 0 0 0 0 0 0 0 0 0 0 0 0 0 0 0 0 0 0 0 0 0 0 0 0 0 0 0 0 0 0 0 0 0 0 0 0 
0 0 0 0 0 0 0 0 0 0 0 0 0 0 0 0 0 0 0 0 0 0 0 0 0 0 0 0 0 0 0 0 0 0 0 0 0 0 0 0 0 
0 0 0 0 0 0 0 0 0 0 0 0 0 0 0 0 0 0 0 0 0 0 0 0 0 0 0 0 0 0 0 0 0 0 0 0 0 0 0 0 0 
0 0 0 0 0 0 0 0 0 0 0 0 0 0 0 0 0 0 0 0 0 0 0 0 0 0 0 0 0 0 0 0 0 0 0 0 0 0 0 0 0 
0 0 0 0 0 0 0 0 0 0 0 0 0 0 0 0 0 0 0 0 0 0 0 0 0 0 0 0 0 0 0 0 0 0 0 0 0 0 0 0 0 
0 0 0 0 0 0 0 0 0 0 0 0 0 0 0 0 0 0 0 0 0 0 0 0 0 0 0 0 0 0 0 0 0 0 0 0 0 0 0 0 0 
0 0 0 0 0 0 0 0 0 0 0 0 0 0 0 0 0 0 0 0 0 0 0 0 0 0 0 0 0 0 0 0 0 0 0 0 0 0 0 0 0 
0 0 0 0 0 0 0 0 0 0 0 0 0 0 0 0 0 0 0 0 0 0 0 0 0 0 0 0 0 0 0 0 0 0 0 0 0 0 0 0 0 
0 0 0 0 0 0 0 0 0 0 0 0 0 0 0 0 0 0 0 0 0 0 0 0 0 0 0 0 0 0 0 0 0 0 0 0 0 0 0 0 0 
0 0 0 0 0 0 0 0 0 0 0 0 0 0 0 0 0 0 0 0 0 0 0 0 0 0 0 0 0 0 0 0 0 0 0 0 0 0 0 0 0 
0 0 0 0 0 0 0 0 0 0 0 0 0 0 0 0 0 0 0 0 0 0 0 0 0 0 0 0 0 0 0 0 0 0 0 0 0 0 0 0 0 
0 0 0 0 0 0 0 0 0 0 0 0 0 0 0 0 0 0 0 0 0 0 0 0 0 0 0 0 0 0 0 0 0 0 0 0 0 0 0 0 0 
0 0 0 0 0 0 0 0 0 0 0 0 0 0 0 0 0 0 0 0 0 0 0 0 0 0 0 0 0 0 0 0 0 0 0 0 0 0 0 0 0 
0 0 0 0 0 0 0 0 0 0 0 0 0 0 0 0 0 0 0 0 0 0 0 0 0 0 0 0 0 0 0 0 0 0 0 0 0 0 0 0 0 
0 0 0 0 0 0 0 0 0 0 0 0 0 0 0 0 0 0 0 0 0 0 0 0 0 0 0 0 0 0 0 0 0 0 0 0 0 0 0 0 0 
0 0 0 0 0 0 0 0 0 0 0 0 0 0 0 0 0 0 0 0 0 0 0 0 0 0 0 0 0 0 0 0 0 0 0 0 0 0 0 0 0 
0 0 0 0 0 0 0 0 0 0 0 0 0 0 0 0 0 0 0 0 0 0 0 0 0 0 0 0 0 0 0 0 0 0 0 0 0 0 0 0 0 
0 0 0 0 0 0 0 0 0 0 0 0 0 0 0 0 0 0 0 0 0 0 0 0 0 0 0 0 0 0 0 0 0 0 0 0 0 0 0 0 0 
0 0 0 0 0 0 0 0 0 0 0 0 0 0 0 0 0 0 0 0 0 0 0 0 0 0 0 0 0 0 0 0 0 0 0 0 0 0 0 0 0 
0 0 0 0 0 0 0 0 0 0 0 0 0 0 0 0 0 0 0 0 0 0 0 0 0 0 0 0 0 0 0 0 0 0 0 0 0 0 0 0 0 
0 0 0 0 0 0 0 0 0 0 0 0 0 0 0 0 0 0 0 0 0 0 0 0 0 0 0 0 0 0 0 0 0 0 0 0 0 0 0 0 0 
0 0 0 0 0 0 0 0 0 0 0 0 0 0 0 0 0 0 0 0 0 0 0 0 0 0 0 0 0 0 0 0 0 0 0 0 0 0 0 0 0 
0 0 0 0 0 0 0 0 0 0 0 0 0 0 0 0 0 0 0 0 0 0 0 0 0 0 0 0 0 0 0 0 0 0 0 0 0 0 0 0 0 
0 0 0 0 0 0 0 0 0 0 0 0 0 0 0 0 0 0 0 0 0 0 0 0 0 0 0 0 0 0 0 0 0 0 0 0 0 0 0 0 0 
0 0 0 0 0 0 0 0 0 0 0 0 0 0 0 0 0 0 0 0 0 0 0 0 0 0 0 0 0 0 0 0 0 0 0 0 0 0 0 0 0 
0 0 0 0 0 0 0 0 0 0 0 0 0 0 0 0 0 0 0 0 0 0 0 0 0 0 0 0 0 0 0 0 0 0 0 0 0 0 0 0 0 
0 0 0 0 0 0 0 0 0 0 0 0 0 0 0 0 0 0 0 0 0 0 0 0 0 0 0 0 0 0 0 0 0 0 0 0 0 0 0 0 0 
0 0 0 0 0 0 0 0 0 0 0 0 0 0 0 0 0 0 0 0 0 0 0 0 0 0 0 0 0 0 0 0 0 1 0 0 0 0 0 0 0 
0 0 0 0 0 0 0 0 0 0 0 0 0 0 0 0 0 0 0 0 0 0 0 0 0 0 0 0 0 0 0 0 0 0 1 0 0 0 0 0 0 
0 0 0 0 0 0 0 0 0 0 0 0 0 0 0 0 0 0 0 0 0 0 0 0 0 0 0 0 0 0 0 0 0 0 0 1 0 0 0 0 0 
0 0 0 0 0 0 0 0 0 0 0 0 0 0 0 0 0 0 0 0 0 0 0 0 0 0 0 0 0 0 0 0 0 0 0 0 1 0 0 0 0 
0 0 0 0 0 0 0 0 0 0 0 0 0 0 0 0 0 0 0 0 0 0 0 0 0 0 0 0 0 0 0 0 0 0 0 0 0 1 0 0 0 
0 0 0 0 0 0 0 0 0 0 0 0 0 0 0 0 0 0 0 0 0 0 0 0 0 0 0 0 0 0 0 0 0 0 0 0 0 0 1 0 0 
0 0 0 0 0 0 0 0 0 0 0 0 0 0 0 0 0 0 0 0 0 0 0 0 0 0 0 0 0 0 0 0 0 0 0 0 0 0 0 1 0 
0 0 0 0 0 0 0 0 0 0 0 0 0 0 0 0 0 0 0 0 0 0 0 0 0 0 0 0 0 0 0 0 0 0 0 0 0 0 0 0 1 
H[n]: 1 1783303 3403808 4510649 2882158 4704359 4864545 4036191 1821461 3209026 3645102 2248627 161384 3997901 635173 2452645 4084842 2805540 700922 1189104 1391282 246184 3577295 1404195 3004017 2842159 3134563 1762475 3007505 1258360 1903013 5033335 3507353 3581327 3353838 1673735 2749352 4645815 4354395 297409 968553 
K[m]: 1 2417776 3894787 2609720 4456668 2575417 341402 1870578 5087280 2669505 1192494 2477561 630613 2511864 4745879 3216703 
vH(x) = 1x^41 + 2773652x^0
row_A(1) = 3581327
row_A(2417776) = 3353838
row_A(3894787) = 1673735
row_A(2609720) = 2749352
row_A(4456668) = 4645815
row_A(2575417) = 4354395
row_A(341402) = 297409
row_A(1870578) = 968553
row_A(5087280) = 1821461
row_A(2669505) = 3209026
row_A(1192494) = 3645102
row_A(2477561) = 2248627
row_A(630613) = 161384
row_A(2511864) = 3997901
row_A(4745879) = 635173
row_A(3216703) = 2452645

col_A(1) = 1189104
col_A(2417776) = 1
col_A(3894787) = 246184
col_A(2609720) = 1391282
col_A(4456668) = 1
col_A(2575417) = 246184
col_A(341402) = 4645815
col_A(1870578) = 1
col_A(5087280) = 1821461
col_A(2669505) = 3209026
col_A(1192494) = 3645102
col_A(2477561) = 2248627
col_A(630613) = 161384
col_A(2511864) = 3997901
col_A(4745879) = 635173
col_A(3216703) = 2452645

val_A(1) = 924372
val_A(2417776) = 4229795
val_A(3894787) = 2531481
val_A(2609720) = 2531481
val_A(4456668) = 677638
val_A(2575417) = 1283586
val_A(341402) = 3003127
val_A(1870578) = 1211113
val_A(5087280) = 0
val_A(2669505) = 0
val_A(1192494) = 0
val_A(2477561) = 0
val_A(630613) = 0
val_A(2511864) = 0
val_A(4745879) = 0
val_A(3216703) = 0

row_B(1) = 3581327
row_B(2417776) = 3353838
row_B(3894787) = 3353838
row_B(2609720) = 1673735
row_B(4456668) = 2749352
row_B(2575417) = 4645815
row_B(341402) = 4645815
row_B(1870578) = 4354395
row_B(5087280) = 297409
row_B(2669505) = 968553
row_B(1192494) = 968553
row_B(2477561) = 2248627
row_B(630613) = 161384
row_B(2511864) = 3997901
row_B(4745879) = 635173
row_B(3216703) = 2452645

col_B(1) = 1391282
col_B(2417776) = 1
col_B(3894787) = 1391282
col_B(2609720) = 246184
col_B(4456668) = 246184
col_B(2575417) = 1673735
col_B(341402) = 2749352
col_B(1870578) = 246184
col_B(5087280) = 4645815
col_B(2669505) = 4354395
col_B(1192494) = 297409
col_B(2477561) = 2248627
col_B(630613) = 161384
col_B(2511864) = 3997901
col_B(4745879) = 635173
col_B(3216703) = 2452645

val_B(1) = 3698286
val_B(2417776) = 742216
val_B(3894787) = 3255696
val_B(2609720) = 2531481
val_B(4456668) = 462434
val_B(2575417) = 2575385
val_B(341402) = 1342756
val_B(1870578) = 1283586
val_B(5087280) = 3003127
val_B(2669505) = 677638
val_B(1192494) = 1149574
val_B(2477561) = 0
val_B(630613) = 0
val_B(2511864) = 0
val_B(4745879) = 0
val_B(3216703) = 0

row_C(1) = 3581327
row_C(2417776) = 3353838
row_C(3894787) = 1673735
row_C(2609720) = 2749352
row_C(4456668) = 4645815
row_C(2575417) = 4354395
row_C(341402) = 297409
row_C(1870578) = 968553
row_C(5087280) = 1821461
row_C(2669505) = 3209026
row_C(1192494) = 3645102
row_C(2477561) = 2248627
row_C(630613) = 161384
row_C(2511864) = 3997901
row_C(4745879) = 635173
row_C(3216703) = 2452645

col_C(1) = 3581327
col_C(2417776) = 3353838
col_C(3894787) = 1673735
col_C(2609720) = 2749352
col_C(4456668) = 4645815
col_C(2575417) = 4354395
col_C(341402) = 297409
col_C(1870578) = 968553
col_C(5087280) = 1821461
col_C(2669505) = 3209026
col_C(1192494) = 3645102
col_C(2477561) = 2248627
col_C(630613) = 161384
col_C(2511864) = 3997901
col_C(4745879) = 635173
col_C(3216703) = 2452645

val_C(1) = 2861584
val_C(2417776) = 1341718
val_C(3894787) = 1650105
val_C(2609720) = 2575385
val_C(4456668) = 3421897
val_C(2575417) = 3003127
val_C(341402) = 677638
val_C(1870578) = 1876509
val_C(5087280) = 0
val_C(2669505) = 0
val_C(1192494) = 0
val_C(2477561) = 0
val_C(630613) = 0
val_C(2511864) = 0
val_C(4745879) = 0
val_C(3216703) = 0

rowA(x) = 3587550x^15 + 2799416x^14 + 2171034x^13 + 584189x^12 + 4804642x^11 + 3026726x^10 + 1755638x^9 + 524307x^8 + 237036x^7 + 4465619x^6 + 184550x^5 + 4997913x^4 + 2663421x^3 + 3847159x^2 + 737905x^1 + 2805189x^0
colA(x) = 755744x^15 + 3504478x^14 + 22379x^13 + 2185561x^12 + 1755390x^11 + 3339866x^10 + 3276787x^9 + 878775x^8 + 3442916x^7 + 1763773x^6 + 4390480x^5 + 4695320x^4 + 2580946x^3 + 2278740x^2 + 1264663x^1 + 664253x^0
valA(x) = 2088116x^15 + 2331553x^14 + 1301805x^13 + 1170625x^12 + 4479915x^11 + 925896x^10 + 311156x^9 + 4000956x^8 + 2326017x^7 + 655756x^6 + 4105946x^5 + 2153261x^4 + 35943x^3 + 3779400x^2 + 1075131x^1 + 706582x^0
rowB(x) = 2062539x^15 + 2737041x^14 + 2939354x^13 + 3907085x^12 + 1812433x^11 + 3100633x^10 + 3242019x^9 + 179494x^8 + 4231993x^7 + 3416882x^6 + 569463x^5 + 2736188x^4 + 3802321x^3 + 1162006x^2 + 3330961x^1 + 5049163x^0
colB(x) = 3703070x^15 + 2017778x^14 + 4396505x^13 + 1905101x^12 + 4640372x^11 + 2959166x^10 + 2972546x^9 + 4537964x^8 + 2354887x^7 + 253407x^6 + 2261917x^5 + 2717701x^4 + 313288x^3 + 5079773x^2 + 622913x^1 + 1353142x^0
valB(x) = 3828732x^15 + 66576x^14 + 4492847x^13 + 439470x^12 + 3918532x^11 + 5064950x^10 + 3468466x^9 + 636803x^8 + 2335237x^7 + 4267325x^6 + 1958853x^5 + 1645238x^4 + 595031x^3 + 3607276x^2 + 2642646x^1 + 341271x^0
rowC(x) = 3587550x^15 + 2799416x^14 + 2171034x^13 + 584189x^12 + 4804642x^11 + 3026726x^10 + 1755638x^9 + 524307x^8 + 237036x^7 + 4465619x^6 + 184550x^5 + 4997913x^4 + 2663421x^3 + 3847159x^2 + 737905x^1 + 2805189x^0
colC(x) = 3587550x^15 + 2799416x^14 + 2171034x^13 + 584189x^12 + 4804642x^11 + 3026726x^10 + 1755638x^9 + 524307x^8 + 237036x^7 + 4465619x^6 + 184550x^5 + 4997913x^4 + 2663421x^3 + 3847159x^2 + 737905x^1 + 2805189x^0
valC(x) = 1481575x^15 + 3410539x^14 + 2913234x^13 + 4908570x^12 + 1922396x^11 + 2833311x^10 + 315216x^9 + 3485911x^8 + 4225009x^7 + 465277x^6 + 3047629x^5 + 4488639x^4 + 1888666x^3 + 4597177x^2 + 898910x^1 + 2677773x^0
O_AHP = {2805189, 737905, 3847159, 2663421, 4997913, 184550, 4465619, 237036, 524307, 1755638, 3026726, 4804642, 584189, 2171034, 2799416, 3587550, 664253, 1264663, 2278740, 2580946, 4695320, 4390480, 1763773, 3442916, 878775, 3276787, 3339866, 1755390, 2185561, 22379, 3504478, 755744, 706582, 1075131, 3779400, 35943, 2153261, 4105946, 655756, 2326017, 4000956, 311156, 925896, 4479915, 1170625, 1301805, 2331553, 2088116, 5049163, 3330961, 1162006, 3802321, 2736188, 569463, 3416882, 4231993, 179494, 3242019, 3100633, 1812433, 3907085, 2939354, 2737041, 2062539, 1353142, 622913, 5079773, 313288, 2717701, 2261917, 253407, 2354887, 4537964, 2972546, 2959166, 4640372, 1905101, 4396505, 2017778, 3703070, 341271, 2642646, 3607276, 595031, 1645238, 1958853, 4267325, 2335237, 636803, 3468466, 5064950, 3918532, 439470, 4492847, 66576, 3828732, 2805189, 737905, 3847159, 2663421, 4997913, 184550, 4465619, 237036, 524307, 1755638, 3026726, 4804642, 584189, 2171034, 2799416, 3587550, 2805189, 737905, 3847159, 2663421, 4997913, 184550, 4465619, 237036, 524307, 1755638, 3026726, 4804642, 584189, 2171034, 2799416, 3587550, 2677773, 898910, 4597177, 1888666, 4488639, 3047629, 465277, 4225009, 3485911, 315216, 2833311, 1922396, 4908570, 2913234, 3410539, 1481575}
Com0_AHP = 2442052
Com1_AHP = 3574083
Com2_AHP = 2411808
Com3_AHP = 224689
Com4_AHP = 3302581
Com5_AHP = 884360
Com6_AHP = 2442052
Com7_AHP = 2442052
Com8_AHP = 3857110
JSON data has been written to program_commitment.json
JSON data has been written to program_param.json
