



*** Start proof generation ***
Enter the content of program_commitment.json file! (end with a blank line):
Enter the content of program_param.json file! (end with a blank line):
Enter the content of class.json file! (end with a blank line):
Enter the content of setup3.json file! (end with a blank line):
z_array[0] = 1
z_array[1] = 0
z_array[2] = 115520
z_array[3] = 2474412
z_array[4] = 1118872
z_array[5] = 0
z_array[6] = 1113216
z_array[7] = 2404123
z_array[8] = 1302131
z_array[9] = 2474428
z_array[10] = 9
z_array[11] = 1
z_array[12] = 2474436
z_array[13] = 0
z_array[14] = 1129056
z_array[15] = 5
z_array[16] = 1129024
z_array[17] = 1129056
z_array[18] = 30
z_array[19] = 18
z_array[20] = 19
z_array[21] = 20
z_array[22] = 21
z_array[23] = 0
z_array[24] = 0
z_array[25] = 0
z_array[26] = 0
z_array[27] = 0
z_array[28] = 0
z_array[29] = 0
z_array[30] = 0
z_array[31] = 0
z_array[32] = 0
z_array[33] = 342
z_array[34] = 30
z_array[35] = 400
z_array[36] = 380
z_array[37] = 780
z_array[38] = 400
z_array[39] = 608400
z_array[40] = 608800



z[1, 0, 115520, 2474412, 1118872, 0, 1113216, 2404123, 1302131, 2474428, 9, 1, 2474436, 0, 1129056, 5, 1129024, 1129056, 30, 18, 19, 20, 21, 0, 0, 0, 0, 0, 0, 0, 0, 0, 0, 342, 30, 400, 380, 780, 400, 608400, 608800, ]
Initialize matrices A, B, C
rowMatA
Matrix A:
0 0 0 0 0 0 0 0 0 0 0 0 0 0 0 0 0 0 0 0 0 0 0 0 0 0 0 0 0 0 0 0 0 0 0 0 0 0 0 0 0 
0 0 0 0 0 0 0 0 0 0 0 0 0 0 0 0 0 0 0 0 0 0 0 0 0 0 0 0 0 0 0 0 0 0 0 0 0 0 0 0 0 
0 0 0 0 0 0 0 0 0 0 0 0 0 0 0 0 0 0 0 0 0 0 0 0 0 0 0 0 0 0 0 0 0 0 0 0 0 0 0 0 0 
0 0 0 0 0 0 0 0 0 0 0 0 0 0 0 0 0 0 0 0 0 0 0 0 0 0 0 0 0 0 0 0 0 0 0 0 0 0 0 0 0 
0 0 0 0 0 0 0 0 0 0 0 0 0 0 0 0 0 0 0 0 0 0 0 0 0 0 0 0 0 0 0 0 0 0 0 0 0 0 0 0 0 
0 0 0 0 0 0 0 0 0 0 0 0 0 0 0 0 0 0 0 0 0 0 0 0 0 0 0 0 0 0 0 0 0 0 0 0 0 0 0 0 0 
0 0 0 0 0 0 0 0 0 0 0 0 0 0 0 0 0 0 0 0 0 0 0 0 0 0 0 0 0 0 0 0 0 0 0 0 0 0 0 0 0 
0 0 0 0 0 0 0 0 0 0 0 0 0 0 0 0 0 0 0 0 0 0 0 0 0 0 0 0 0 0 0 0 0 0 0 0 0 0 0 0 0 
0 0 0 0 0 0 0 0 0 0 0 0 0 0 0 0 0 0 0 0 0 0 0 0 0 0 0 0 0 0 0 0 0 0 0 0 0 0 0 0 0 
0 0 0 0 0 0 0 0 0 0 0 0 0 0 0 0 0 0 0 0 0 0 0 0 0 0 0 0 0 0 0 0 0 0 0 0 0 0 0 0 0 
0 0 0 0 0 0 0 0 0 0 0 0 0 0 0 0 0 0 0 0 0 0 0 0 0 0 0 0 0 0 0 0 0 0 0 0 0 0 0 0 0 
0 0 0 0 0 0 0 0 0 0 0 0 0 0 0 0 0 0 0 0 0 0 0 0 0 0 0 0 0 0 0 0 0 0 0 0 0 0 0 0 0 
0 0 0 0 0 0 0 0 0 0 0 0 0 0 0 0 0 0 0 0 0 0 0 0 0 0 0 0 0 0 0 0 0 0 0 0 0 0 0 0 0 
0 0 0 0 0 0 0 0 0 0 0 0 0 0 0 0 0 0 0 0 0 0 0 0 0 0 0 0 0 0 0 0 0 0 0 0 0 0 0 0 0 
0 0 0 0 0 0 0 0 0 0 0 0 0 0 0 0 0 0 0 0 0 0 0 0 0 0 0 0 0 0 0 0 0 0 0 0 0 0 0 0 0 
0 0 0 0 0 0 0 0 0 0 0 0 0 0 0 0 0 0 0 0 0 0 0 0 0 0 0 0 0 0 0 0 0 0 0 0 0 0 0 0 0 
0 0 0 0 0 0 0 0 0 0 0 0 0 0 0 0 0 0 0 0 0 0 0 0 0 0 0 0 0 0 0 0 0 0 0 0 0 0 0 0 0 
0 0 0 0 0 0 0 0 0 0 0 0 0 0 0 0 0 0 0 0 0 0 0 0 0 0 0 0 0 0 0 0 0 0 0 0 0 0 0 0 0 
0 0 0 0 0 0 0 0 0 0 0 0 0 0 0 0 0 0 0 0 0 0 0 0 0 0 0 0 0 0 0 0 0 0 0 0 0 0 0 0 0 
0 0 0 0 0 0 0 0 0 0 0 0 0 0 0 0 0 0 0 0 0 0 0 0 0 0 0 0 0 0 0 0 0 0 0 0 0 0 0 0 0 
0 0 0 0 0 0 0 0 0 0 0 0 0 0 0 0 0 0 0 0 0 0 0 0 0 0 0 0 0 0 0 0 0 0 0 0 0 0 0 0 0 
0 0 0 0 0 0 0 0 0 0 0 0 0 0 0 0 0 0 0 0 0 0 0 0 0 0 0 0 0 0 0 0 0 0 0 0 0 0 0 0 0 
0 0 0 0 0 0 0 0 0 0 0 0 0 0 0 0 0 0 0 0 0 0 0 0 0 0 0 0 0 0 0 0 0 0 0 0 0 0 0 0 0 
0 0 0 0 0 0 0 0 0 0 0 0 0 0 0 0 0 0 0 0 0 0 0 0 0 0 0 0 0 0 0 0 0 0 0 0 0 0 0 0 0 
0 0 0 0 0 0 0 0 0 0 0 0 0 0 0 0 0 0 0 0 0 0 0 0 0 0 0 0 0 0 0 0 0 0 0 0 0 0 0 0 0 
0 0 0 0 0 0 0 0 0 0 0 0 0 0 0 0 0 0 0 0 0 0 0 0 0 0 0 0 0 0 0 0 0 0 0 0 0 0 0 0 0 
0 0 0 0 0 0 0 0 0 0 0 0 0 0 0 0 0 0 0 0 0 0 0 0 0 0 0 0 0 0 0 0 0 0 0 0 0 0 0 0 0 
0 0 0 0 0 0 0 0 0 0 0 0 0 0 0 0 0 0 0 0 0 0 0 0 0 0 0 0 0 0 0 0 0 0 0 0 0 0 0 0 0 
0 0 0 0 0 0 0 0 0 0 0 0 0 0 0 0 0 0 0 0 0 0 0 0 0 0 0 0 0 0 0 0 0 0 0 0 0 0 0 0 0 
0 0 0 0 0 0 0 0 0 0 0 0 0 0 0 0 0 0 0 0 0 0 0 0 0 0 0 0 0 0 0 0 0 0 0 0 0 0 0 0 0 
0 0 0 0 0 0 0 0 0 0 0 0 0 0 0 0 0 0 0 0 0 0 0 0 0 0 0 0 0 0 0 0 0 0 0 0 0 0 0 0 0 
0 0 0 0 0 0 0 0 0 0 0 0 0 0 0 0 0 0 0 0 0 0 0 0 0 0 0 0 0 0 0 0 0 0 0 0 0 0 0 0 0 
0 0 0 0 0 0 0 0 0 0 0 0 0 0 0 0 0 0 0 0 0 0 0 0 0 0 0 0 0 0 0 0 0 0 0 0 0 0 0 0 0 
0 0 0 0 0 0 0 0 0 0 0 0 0 0 0 0 0 0 0 1 0 0 0 0 0 0 0 0 0 0 0 0 0 0 0 0 0 0 0 0 0 
1 0 0 0 0 0 0 0 0 0 0 0 0 0 0 0 0 0 0 0 0 0 0 0 0 0 0 0 0 0 0 0 0 0 0 0 0 0 0 0 0 
0 0 0 0 0 0 0 0 0 0 0 0 0 0 0 0 0 0 0 0 0 1 0 0 0 0 0 0 0 0 0 0 0 0 0 0 0 0 0 0 0 
0 0 0 0 0 0 0 0 0 0 0 0 0 0 0 0 0 0 0 0 1 0 0 0 0 0 0 0 0 0 0 0 0 0 0 0 0 0 0 0 0 
1 0 0 0 0 0 0 0 0 0 0 0 0 0 0 0 0 0 0 0 0 0 0 0 0 0 0 0 0 0 0 0 0 0 0 0 0 0 0 0 0 
0 0 0 0 0 0 0 0 0 0 0 0 0 0 0 0 0 0 0 0 0 1 0 0 0 0 0 0 0 0 0 0 0 0 0 0 0 0 0 0 0 
0 0 0 0 0 0 0 0 0 0 0 0 0 0 0 0 0 0 0 0 0 0 0 0 0 0 0 0 0 0 0 0 0 0 0 0 0 1 0 0 0 
1 0 0 0 0 0 0 0 0 0 0 0 0 0 0 0 0 0 0 0 0 0 0 0 0 0 0 0 0 0 0 0 0 0 0 0 0 0 0 0 0 
Matrix B:
0 0 0 0 0 0 0 0 0 0 0 0 0 0 0 0 0 0 0 0 0 0 0 0 0 0 0 0 0 0 0 0 0 0 0 0 0 0 0 0 0 
0 0 0 0 0 0 0 0 0 0 0 0 0 0 0 0 0 0 0 0 0 0 0 0 0 0 0 0 0 0 0 0 0 0 0 0 0 0 0 0 0 
0 0 0 0 0 0 0 0 0 0 0 0 0 0 0 0 0 0 0 0 0 0 0 0 0 0 0 0 0 0 0 0 0 0 0 0 0 0 0 0 0 
0 0 0 0 0 0 0 0 0 0 0 0 0 0 0 0 0 0 0 0 0 0 0 0 0 0 0 0 0 0 0 0 0 0 0 0 0 0 0 0 0 
0 0 0 0 0 0 0 0 0 0 0 0 0 0 0 0 0 0 0 0 0 0 0 0 0 0 0 0 0 0 0 0 0 0 0 0 0 0 0 0 0 
0 0 0 0 0 0 0 0 0 0 0 0 0 0 0 0 0 0 0 0 0 0 0 0 0 0 0 0 0 0 0 0 0 0 0 0 0 0 0 0 0 
0 0 0 0 0 0 0 0 0 0 0 0 0 0 0 0 0 0 0 0 0 0 0 0 0 0 0 0 0 0 0 0 0 0 0 0 0 0 0 0 0 
0 0 0 0 0 0 0 0 0 0 0 0 0 0 0 0 0 0 0 0 0 0 0 0 0 0 0 0 0 0 0 0 0 0 0 0 0 0 0 0 0 
0 0 0 0 0 0 0 0 0 0 0 0 0 0 0 0 0 0 0 0 0 0 0 0 0 0 0 0 0 0 0 0 0 0 0 0 0 0 0 0 0 
0 0 0 0 0 0 0 0 0 0 0 0 0 0 0 0 0 0 0 0 0 0 0 0 0 0 0 0 0 0 0 0 0 0 0 0 0 0 0 0 0 
0 0 0 0 0 0 0 0 0 0 0 0 0 0 0 0 0 0 0 0 0 0 0 0 0 0 0 0 0 0 0 0 0 0 0 0 0 0 0 0 0 
0 0 0 0 0 0 0 0 0 0 0 0 0 0 0 0 0 0 0 0 0 0 0 0 0 0 0 0 0 0 0 0 0 0 0 0 0 0 0 0 0 
0 0 0 0 0 0 0 0 0 0 0 0 0 0 0 0 0 0 0 0 0 0 0 0 0 0 0 0 0 0 0 0 0 0 0 0 0 0 0 0 0 
0 0 0 0 0 0 0 0 0 0 0 0 0 0 0 0 0 0 0 0 0 0 0 0 0 0 0 0 0 0 0 0 0 0 0 0 0 0 0 0 0 
0 0 0 0 0 0 0 0 0 0 0 0 0 0 0 0 0 0 0 0 0 0 0 0 0 0 0 0 0 0 0 0 0 0 0 0 0 0 0 0 0 
0 0 0 0 0 0 0 0 0 0 0 0 0 0 0 0 0 0 0 0 0 0 0 0 0 0 0 0 0 0 0 0 0 0 0 0 0 0 0 0 0 
0 0 0 0 0 0 0 0 0 0 0 0 0 0 0 0 0 0 0 0 0 0 0 0 0 0 0 0 0 0 0 0 0 0 0 0 0 0 0 0 0 
0 0 0 0 0 0 0 0 0 0 0 0 0 0 0 0 0 0 0 0 0 0 0 0 0 0 0 0 0 0 0 0 0 0 0 0 0 0 0 0 0 
0 0 0 0 0 0 0 0 0 0 0 0 0 0 0 0 0 0 0 0 0 0 0 0 0 0 0 0 0 0 0 0 0 0 0 0 0 0 0 0 0 
0 0 0 0 0 0 0 0 0 0 0 0 0 0 0 0 0 0 0 0 0 0 0 0 0 0 0 0 0 0 0 0 0 0 0 0 0 0 0 0 0 
0 0 0 0 0 0 0 0 0 0 0 0 0 0 0 0 0 0 0 0 0 0 0 0 0 0 0 0 0 0 0 0 0 0 0 0 0 0 0 0 0 
0 0 0 0 0 0 0 0 0 0 0 0 0 0 0 0 0 0 0 0 0 0 0 0 0 0 0 0 0 0 0 0 0 0 0 0 0 0 0 0 0 
0 0 0 0 0 0 0 0 0 0 0 0 0 0 0 0 0 0 0 0 0 0 0 0 0 0 0 0 0 0 0 0 0 0 0 0 0 0 0 0 0 
0 0 0 0 0 0 0 0 0 0 0 0 0 0 0 0 0 0 0 0 0 0 0 0 0 0 0 0 0 0 0 0 0 0 0 0 0 0 0 0 0 
0 0 0 0 0 0 0 0 0 0 0 0 0 0 0 0 0 0 0 0 0 0 0 0 0 0 0 0 0 0 0 0 0 0 0 0 0 0 0 0 0 
0 0 0 0 0 0 0 0 0 0 0 0 0 0 0 0 0 0 0 0 0 0 0 0 0 0 0 0 0 0 0 0 0 0 0 0 0 0 0 0 0 
0 0 0 0 0 0 0 0 0 0 0 0 0 0 0 0 0 0 0 0 0 0 0 0 0 0 0 0 0 0 0 0 0 0 0 0 0 0 0 0 0 
0 0 0 0 0 0 0 0 0 0 0 0 0 0 0 0 0 0 0 0 0 0 0 0 0 0 0 0 0 0 0 0 0 0 0 0 0 0 0 0 0 
0 0 0 0 0 0 0 0 0 0 0 0 0 0 0 0 0 0 0 0 0 0 0 0 0 0 0 0 0 0 0 0 0 0 0 0 0 0 0 0 0 
0 0 0 0 0 0 0 0 0 0 0 0 0 0 0 0 0 0 0 0 0 0 0 0 0 0 0 0 0 0 0 0 0 0 0 0 0 0 0 0 0 
0 0 0 0 0 0 0 0 0 0 0 0 0 0 0 0 0 0 0 0 0 0 0 0 0 0 0 0 0 0 0 0 0 0 0 0 0 0 0 0 0 
0 0 0 0 0 0 0 0 0 0 0 0 0 0 0 0 0 0 0 0 0 0 0 0 0 0 0 0 0 0 0 0 0 0 0 0 0 0 0 0 0 
0 0 0 0 0 0 0 0 0 0 0 0 0 0 0 0 0 0 0 0 0 0 0 0 0 0 0 0 0 0 0 0 0 0 0 0 0 0 0 0 0 
0 0 0 0 0 0 0 0 0 0 0 0 0 0 0 0 0 0 0 0 1 0 0 0 0 0 0 0 0 0 0 0 0 0 0 0 0 0 0 0 0 
11 0 0 0 0 0 0 0 0 0 0 0 0 0 0 0 0 0 0 0 1 0 0 0 0 0 0 0 0 0 0 0 0 0 0 0 0 0 0 0 0 
0 0 0 0 0 0 0 0 0 0 0 0 0 0 0 0 0 0 0 0 0 1 0 0 0 0 0 0 0 0 0 0 0 0 0 0 0 0 0 0 0 
0 0 0 0 0 0 0 0 0 0 0 0 0 0 0 0 0 0 0 0 0 1 0 0 0 0 0 0 0 0 0 0 0 0 0 0 0 0 0 0 0 
0 0 0 0 0 0 0 0 0 0 0 0 0 0 0 0 0 0 0 0 0 0 0 0 0 0 0 0 0 0 0 0 0 0 0 1 1 0 0 0 0 
0 0 0 0 0 0 0 0 0 0 0 0 0 0 0 0 0 0 0 0 0 1 0 0 0 0 0 0 0 0 0 0 0 0 0 0 0 0 0 0 0 
0 0 0 0 0 0 0 0 0 0 0 0 0 0 0 0 0 0 0 0 0 0 0 0 0 0 0 0 0 0 0 0 0 0 0 0 0 1 0 0 0 
0 0 0 0 0 0 0 0 0 0 0 0 0 0 0 0 0 0 0 0 0 0 0 0 0 0 0 0 0 0 0 0 0 0 0 0 0 0 1 1 0 
Matrix C:
0 0 0 0 0 0 0 0 0 0 0 0 0 0 0 0 0 0 0 0 0 0 0 0 0 0 0 0 0 0 0 0 0 0 0 0 0 0 0 0 0 
0 0 0 0 0 0 0 0 0 0 0 0 0 0 0 0 0 0 0 0 0 0 0 0 0 0 0 0 0 0 0 0 0 0 0 0 0 0 0 0 0 
0 0 0 0 0 0 0 0 0 0 0 0 0 0 0 0 0 0 0 0 0 0 0 0 0 0 0 0 0 0 0 0 0 0 0 0 0 0 0 0 0 
0 0 0 0 0 0 0 0 0 0 0 0 0 0 0 0 0 0 0 0 0 0 0 0 0 0 0 0 0 0 0 0 0 0 0 0 0 0 0 0 0 
0 0 0 0 0 0 0 0 0 0 0 0 0 0 0 0 0 0 0 0 0 0 0 0 0 0 0 0 0 0 0 0 0 0 0 0 0 0 0 0 0 
0 0 0 0 0 0 0 0 0 0 0 0 0 0 0 0 0 0 0 0 0 0 0 0 0 0 0 0 0 0 0 0 0 0 0 0 0 0 0 0 0 
0 0 0 0 0 0 0 0 0 0 0 0 0 0 0 0 0 0 0 0 0 0 0 0 0 0 0 0 0 0 0 0 0 0 0 0 0 0 0 0 0 
0 0 0 0 0 0 0 0 0 0 0 0 0 0 0 0 0 0 0 0 0 0 0 0 0 0 0 0 0 0 0 0 0 0 0 0 0 0 0 0 0 
0 0 0 0 0 0 0 0 0 0 0 0 0 0 0 0 0 0 0 0 0 0 0 0 0 0 0 0 0 0 0 0 0 0 0 0 0 0 0 0 0 
0 0 0 0 0 0 0 0 0 0 0 0 0 0 0 0 0 0 0 0 0 0 0 0 0 0 0 0 0 0 0 0 0 0 0 0 0 0 0 0 0 
0 0 0 0 0 0 0 0 0 0 0 0 0 0 0 0 0 0 0 0 0 0 0 0 0 0 0 0 0 0 0 0 0 0 0 0 0 0 0 0 0 
0 0 0 0 0 0 0 0 0 0 0 0 0 0 0 0 0 0 0 0 0 0 0 0 0 0 0 0 0 0 0 0 0 0 0 0 0 0 0 0 0 
0 0 0 0 0 0 0 0 0 0 0 0 0 0 0 0 0 0 0 0 0 0 0 0 0 0 0 0 0 0 0 0 0 0 0 0 0 0 0 0 0 
0 0 0 0 0 0 0 0 0 0 0 0 0 0 0 0 0 0 0 0 0 0 0 0 0 0 0 0 0 0 0 0 0 0 0 0 0 0 0 0 0 
0 0 0 0 0 0 0 0 0 0 0 0 0 0 0 0 0 0 0 0 0 0 0 0 0 0 0 0 0 0 0 0 0 0 0 0 0 0 0 0 0 
0 0 0 0 0 0 0 0 0 0 0 0 0 0 0 0 0 0 0 0 0 0 0 0 0 0 0 0 0 0 0 0 0 0 0 0 0 0 0 0 0 
0 0 0 0 0 0 0 0 0 0 0 0 0 0 0 0 0 0 0 0 0 0 0 0 0 0 0 0 0 0 0 0 0 0 0 0 0 0 0 0 0 
0 0 0 0 0 0 0 0 0 0 0 0 0 0 0 0 0 0 0 0 0 0 0 0 0 0 0 0 0 0 0 0 0 0 0 0 0 0 0 0 0 
0 0 0 0 0 0 0 0 0 0 0 0 0 0 0 0 0 0 0 0 0 0 0 0 0 0 0 0 0 0 0 0 0 0 0 0 0 0 0 0 0 
0 0 0 0 0 0 0 0 0 0 0 0 0 0 0 0 0 0 0 0 0 0 0 0 0 0 0 0 0 0 0 0 0 0 0 0 0 0 0 0 0 
0 0 0 0 0 0 0 0 0 0 0 0 0 0 0 0 0 0 0 0 0 0 0 0 0 0 0 0 0 0 0 0 0 0 0 0 0 0 0 0 0 
0 0 0 0 0 0 0 0 0 0 0 0 0 0 0 0 0 0 0 0 0 0 0 0 0 0 0 0 0 0 0 0 0 0 0 0 0 0 0 0 0 
0 0 0 0 0 0 0 0 0 0 0 0 0 0 0 0 0 0 0 0 0 0 0 0 0 0 0 0 0 0 0 0 0 0 0 0 0 0 0 0 0 
0 0 0 0 0 0 0 0 0 0 0 0 0 0 0 0 0 0 0 0 0 0 0 0 0 0 0 0 0 0 0 0 0 0 0 0 0 0 0 0 0 
0 0 0 0 0 0 0 0 0 0 0 0 0 0 0 0 0 0 0 0 0 0 0 0 0 0 0 0 0 0 0 0 0 0 0 0 0 0 0 0 0 
0 0 0 0 0 0 0 0 0 0 0 0 0 0 0 0 0 0 0 0 0 0 0 0 0 0 0 0 0 0 0 0 0 0 0 0 0 0 0 0 0 
0 0 0 0 0 0 0 0 0 0 0 0 0 0 0 0 0 0 0 0 0 0 0 0 0 0 0 0 0 0 0 0 0 0 0 0 0 0 0 0 0 
0 0 0 0 0 0 0 0 0 0 0 0 0 0 0 0 0 0 0 0 0 0 0 0 0 0 0 0 0 0 0 0 0 0 0 0 0 0 0 0 0 
0 0 0 0 0 0 0 0 0 0 0 0 0 0 0 0 0 0 0 0 0 0 0 0 0 0 0 0 0 0 0 0 0 0 0 0 0 0 0 0 0 
0 0 0 0 0 0 0 0 0 0 0 0 0 0 0 0 0 0 0 0 0 0 0 0 0 0 0 0 0 0 0 0 0 0 0 0 0 0 0 0 0 
0 0 0 0 0 0 0 0 0 0 0 0 0 0 0 0 0 0 0 0 0 0 0 0 0 0 0 0 0 0 0 0 0 0 0 0 0 0 0 0 0 
0 0 0 0 0 0 0 0 0 0 0 0 0 0 0 0 0 0 0 0 0 0 0 0 0 0 0 0 0 0 0 0 0 0 0 0 0 0 0 0 0 
0 0 0 0 0 0 0 0 0 0 0 0 0 0 0 0 0 0 0 0 0 0 0 0 0 0 0 0 0 0 0 0 0 0 0 0 0 0 0 0 0 
0 0 0 0 0 0 0 0 0 0 0 0 0 0 0 0 0 0 0 0 0 0 0 0 0 0 0 0 0 0 0 0 0 1 0 0 0 0 0 0 0 
0 0 0 0 0 0 0 0 0 0 0 0 0 0 0 0 0 0 0 0 0 0 0 0 0 0 0 0 0 0 0 0 0 0 1 0 0 0 0 0 0 
0 0 0 0 0 0 0 0 0 0 0 0 0 0 0 0 0 0 0 0 0 0 0 0 0 0 0 0 0 0 0 0 0 0 0 1 0 0 0 0 0 
0 0 0 0 0 0 0 0 0 0 0 0 0 0 0 0 0 0 0 0 0 0 0 0 0 0 0 0 0 0 0 0 0 0 0 0 1 0 0 0 0 
0 0 0 0 0 0 0 0 0 0 0 0 0 0 0 0 0 0 0 0 0 0 0 0 0 0 0 0 0 0 0 0 0 0 0 0 0 1 0 0 0 
0 0 0 0 0 0 0 0 0 0 0 0 0 0 0 0 0 0 0 0 0 0 0 0 0 0 0 0 0 0 0 0 0 0 0 0 0 0 1 0 0 
0 0 0 0 0 0 0 0 0 0 0 0 0 0 0 0 0 0 0 0 0 0 0 0 0 0 0 0 0 0 0 0 0 0 0 0 0 0 0 1 0 
0 0 0 0 0 0 0 0 0 0 0 0 0 0 0 0 0 0 0 0 0 0 0 0 0 0 0 0 0 0 0 0 0 0 0 0 0 0 0 0 1 
H[n]: 1 1783303 3403808 4510649 2882158 4704359 4864545 4036191 1821461 3209026 3645102 2248627 161384 3997901 635173 2452645 4084842 2805540 700922 1189104 1391282 246184 3577295 1404195 3004017 2842159 3134563 1762475 3007505 1258360 1903013 5033335 3507353 3581327 3353838 1673735 2749352 4645815 4354395 297409 968553 
K[m]: 1 2417776 3894787 2609720 4456668 2575417 341402 1870578 5087280 2669505 1192494 2477561 630613 2511864 4745879 3216703 
n_i: 32
Matrice Az under modulo 5087281 is: 0 0 0 0 0 0 0 0 0 0 0 0 0 0 0 0 0 0 0 0 0 0 0 0 0 0 0 0 0 0 0 0 0 18 1 20 19 1 20 780 1 
Matrice Bz under modulo 5087281 is: 0 0 0 0 0 0 0 0 0 0 0 0 0 0 0 0 0 0 0 0 0 0 0 0 0 0 0 0 0 0 0 0 0 19 30 20 20 780 20 780 608800 
Matrice Cz under modulo 5087281 is: 0 0 0 0 0 0 0 0 0 0 0 0 0 0 0 0 0 0 0 0 0 0 0 0 0 0 0 0 0 0 0 0 0 342 30 400 380 780 400 608400 608800 
zA(x):
zA(1)= 0
zA(1783303)= 0
zA(3403808)= 0
zA(4510649)= 0
zA(2882158)= 0
zA(4704359)= 0
zA(4864545)= 0
zA(4036191)= 0
zA(1821461)= 0
zA(3209026)= 0
zA(3645102)= 0
zA(2248627)= 0
zA(161384)= 0
zA(3997901)= 0
zA(635173)= 0
zA(2452645)= 0
zA(4084842)= 0
zA(2805540)= 0
zA(700922)= 0
zA(1189104)= 0
zA(1391282)= 0
zA(246184)= 0
zA(3577295)= 0
zA(1404195)= 0
zA(3004017)= 0
zA(2842159)= 0
zA(3134563)= 0
zA(1762475)= 0
zA(3007505)= 0
zA(1258360)= 0
zA(1903013)= 0
zA(5033335)= 0
zA(3507353)= 0
zA(3581327)= 18
zA(3353838)= 1
zA(1673735)= 20
zA(2749352)= 19
zA(4645815)= 1
zA(4354395)= 20
zA(297409)= 780
zA(968553)= 1
zA(1711179)= 1711179
zA(1711179)= 1711179
z_hatA(x) = 818093x^42 + 1145858x^41 + 3102171x^40 + 4318439x^39 + 1978151x^38 + 1068328x^37 + 4715415x^36 + 2393126x^35 + 1354255x^34 + 1126147x^33 + 460739x^32 + 1881561x^31 + 272584x^30 + 1556191x^29 + 4107159x^28 + 1988947x^27 + 74782x^26 + 2569981x^25 + 4067948x^24 + 4702836x^23 + 1343843x^22 + 244338x^21 + 2758891x^20 + 886189x^19 + 4500194x^18 + 4321127x^17 + 3887879x^16 + 23957x^15 + 3766670x^14 + 4190355x^13 + 2899237x^12 + 2505170x^11 + 454655x^10 + 1682758x^9 + 4726890x^8 + 3478878x^7 + 570013x^6 + 4289794x^5 + 531550x^4 + 493420x^3 + 1350036x^2 + 5071541x^1 + 4065524x^0
zB(x):
zB(1)= 0
zB(1783303)= 0
zB(3403808)= 0
zB(4510649)= 0
zB(2882158)= 0
zB(4704359)= 0
zB(4864545)= 0
zB(4036191)= 0
zB(1821461)= 0
zB(3209026)= 0
zB(3645102)= 0
zB(2248627)= 0
zB(161384)= 0
zB(3997901)= 0
zB(635173)= 0
zB(2452645)= 0
zB(4084842)= 0
zB(2805540)= 0
zB(700922)= 0
zB(1189104)= 0
zB(1391282)= 0
zB(246184)= 0
zB(3577295)= 0
zB(1404195)= 0
zB(3004017)= 0
zB(2842159)= 0
zB(3134563)= 0
zB(1762475)= 0
zB(3007505)= 0
zB(1258360)= 0
zB(1903013)= 0
zB(5033335)= 0
zB(3507353)= 0
zB(3581327)= 19
zB(3353838)= 30
zB(1673735)= 20
zB(2749352)= 20
zB(4645815)= 780
zB(4354395)= 20
zB(297409)= 780
zB(968553)= 608800
zB(1711179)= 1711179
zB(1711179)= 1711179
z_hatB(x) = 783582x^42 + 518359x^41 + 1151309x^40 + 2477906x^39 + 2068942x^38 + 831324x^37 + 4062940x^36 + 4556717x^35 + 1311976x^34 + 2245545x^33 + 153121x^32 + 2575067x^31 + 2923049x^30 + 595711x^29 + 2707348x^28 + 2170019x^27 + 3192398x^26 + 1677391x^25 + 3604408x^24 + 1241710x^23 + 3946056x^22 + 4738348x^21 + 2314535x^20 + 3632832x^19 + 1740284x^18 + 507127x^17 + 683118x^16 + 3944786x^15 + 2666803x^14 + 4554320x^13 + 264339x^12 + 2933681x^11 + 883450x^10 + 1393036x^9 + 287026x^8 + 4960477x^7 + 1728096x^6 + 2397567x^5 + 378635x^4 + 1383572x^3 + 1907172x^2 + 1374765x^1 + 2102211x^0
zC(x):zC(1)= 0
zC(1783303)= 0
zC(3403808)= 0
zC(4510649)= 0
zC(2882158)= 0
zC(4704359)= 0
zC(4864545)= 0
zC(4036191)= 0
zC(1821461)= 0
zC(3209026)= 0
zC(3645102)= 0
zC(2248627)= 0
zC(161384)= 0
zC(3997901)= 0
zC(635173)= 0
zC(2452645)= 0
zC(4084842)= 0
zC(2805540)= 0
zC(700922)= 0
zC(1189104)= 0
zC(1391282)= 0
zC(246184)= 0
zC(3577295)= 0
zC(1404195)= 0
zC(3004017)= 0
zC(2842159)= 0
zC(3134563)= 0
zC(1762475)= 0
zC(3007505)= 0
zC(1258360)= 0
zC(1903013)= 0
zC(5033335)= 0
zC(3507353)= 0
zC(3581327)= 342
zC(3353838)= 30
zC(1673735)= 400
zC(2749352)= 380
zC(4645815)= 780
zC(4354395)= 400
zC(297409)= 608400
zC(968553)= 608800
zC(1711179)= 1711179
zC(1711179)= 1711179
z_hatC(x) = 2649838x^42 + 1749818x^41 + 1085195x^40 + 2027892x^39 + 1961425x^38 + 1453312x^37 + 1969951x^36 + 1165598x^35 + 2163604x^34 + 2313116x^33 + 3999770x^32 + 3377434x^31 + 4612630x^30 + 3790502x^29 + 4215247x^28 + 959196x^27 + 2250917x^26 + 15933x^25 + 4629239x^24 + 1090221x^23 + 3908145x^22 + 5049922x^21 + 43520x^20 + 2976052x^19 + 2891588x^18 + 4408773x^17 + 1622399x^16 + 992228x^15 + 3022194x^14 + 480434x^13 + 1969449x^12 + 1112779x^11 + 925087x^10 + 4403714x^9 + 3415103x^8 + 2505822x^7 + 16291x^6 + 720417x^5 + 1390191x^4 + 15319x^3 + 656853x^2 + 1670973x^1 + 4980248x^0
x_hat(h) = 1150930x^32 + 544883x^31 + 4105604x^30 + 3058755x^29 + 2113690x^28 + 3197368x^27 + 3064277x^26 + 763509x^25 + 4491175x^24 + 162021x^23 + 1505447x^22 + 3495641x^21 + 1698908x^20 + 563018x^19 + 4642135x^18 + 24929x^17 + 3823377x^16 + 4128570x^15 + 2560706x^14 + 4273424x^13 + 4092733x^12 + 2465011x^11 + 4004343x^10 + 1822427x^9 + 3586127x^8 + 4360370x^7 + 3316430x^6 + 5056465x^5 + 2746918x^4 + 3983348x^3 + 762289x^2 + 624303x^1 + 294647x^0
w_bar(h):
w_bar(3581327)= 264535
w_bar(3353838)= 4135620
w_bar(1673735)= 1993543
w_bar(2749352)= 3994476
w_bar(4645815)= 1565280
w_bar(4354395)= 2057820
w_bar(297409)= 1398690
w_bar(968553)= 1560220
w_hat(x):
w_hat(3581327)= 264535
w_hat(3353838)= 4135620
w_hat(1673735)= 1993543
w_hat(2749352)= 3994476
w_hat(4645815)= 1565280
w_hat(4354395)= 2057820
w_hat(297409)= 1398690
w_hat(968553)= 1560220
w_hat(1)= 480434
w_hat(1113856)= 3022194
w_hat(x) = 2914922x^9 + 4474738x^8 + 3680463x^7 + 3263352x^6 + 4761420x^5 + 1916928x^4 + 4968862x^3 + 183629x^2 + 3645375x^1 + 1483134x^0
zA(x)zB(x)-zC(x) = 4844878x^84 + 4517612x^83 + 4430523x^82 + 1020622x^81 + 120238x^80 + 912611x^79 + 3715479x^78 + 3731110x^77 + 3362781x^76 + 4876492x^75 + 4494102x^74 + 3239664x^73 + 1640826x^72 + 4131169x^71 + 3544258x^70 + 1681025x^69 + 3636795x^68 + 367516x^67 + 2469352x^66 + 4739035x^65 + 3506503x^64 + 2824627x^63 + 4424970x^62 + 2880662x^61 + 2742186x^60 + 267264x^59 + 5452x^58 + 1700695x^57 + 626159x^56 + 4551106x^55 + 3832574x^54 + 3449107x^53 + 2696833x^52 + 922552x^51 + 5034509x^50 + 2333935x^49 + 4740507x^48 + 4506221x^47 + 1560922x^46 + 1723523x^45 + 2846302x^44 + 3381258x^43 + 4534948x^42 + 2657913x^41 + 4066659x^40 + 4967043x^39 + 4174670x^38 + 1371802x^37 + 1356171x^36 + 1724500x^35 + 210789x^34 + 593179x^33 + 1847617x^32 + 3446455x^31 + 956112x^30 + 1543023x^29 + 3406256x^28 + 1450486x^27 + 4719765x^26 + 2617929x^25 + 348246x^24 + 1580778x^23 + 2262654x^22 + 662311x^21 + 2206619x^20 + 2345095x^19 + 4820017x^18 + 5081829x^17 + 3386586x^16 + 4461122x^15 + 536175x^14 + 1254707x^13 + 1638174x^12 + 2390448x^11 + 4164729x^10 + 52772x^9 + 2753346x^8 + 346774x^7 + 581060x^6 + 3526359x^5 + 3363758x^4 + 2240979x^3 + 1948426x^2 + 1122002x^1 + 3086126x^0
vH(x) = 1x^41 + 5087280x^0
vK(x) = 1x^16 + 5087280x^0
h0(x) = 4844878x^43 + 4517612x^42 + 4430523x^41 + 1020622x^40 + 120238x^39 + 912611x^38 + 3715479x^37 + 3731110x^36 + 3362781x^35 + 4876492x^34 + 4494102x^33 + 3239664x^32 + 1640826x^31 + 4131169x^30 + 3544258x^29 + 1681025x^28 + 3636795x^27 + 367516x^26 + 2469352x^25 + 4739035x^24 + 3506503x^23 + 2824627x^22 + 4424970x^21 + 2880662x^20 + 2742186x^19 + 267264x^18 + 5452x^17 + 1700695x^16 + 626159x^15 + 4551106x^14 + 3832574x^13 + 3449107x^12 + 2696833x^11 + 922552x^10 + 5034509x^9 + 2333935x^8 + 4740507x^7 + 4506221x^6 + 1560922x^5 + 1723523x^4 + 2846302x^3 + 3138855x^2 + 3965279x^1 + 2001155x^0
s(x) = 12x^81 + 37x^80 + 34x^78 + 14x^77 + 33x^76 + 82x^74 + 48x^73 + 63x^71 + 83x^70 + 65x^66 + 26x^65 + 38x^61 + 48x^60 + 63x^59 + 58x^58 + 52x^55 + 47x^54 + 58x^49 + 34x^48 + 8x^47 + 27x^44 + 41x^43 + 25x^40 + 44x^34 + 12x^29 + 71x^28 + 69x^27 + 55x^26 + 64x^24 + 54x^23 + 5x^22 + 41x^21 + 50x^20 + 14x^18 + 56x^14 + 59x^6 + 28x^5 + 64x^2 + 74x^1 + 82x^0
sigma1 = 3362
alpha = 2984863
beta1 = 1399875
beta2 = 2081413
etaA = 3088570
etaB = 3654055
etaC = 1554598
etaA_z_hatA(x) = 2031773x^42 + 4044352x^41 + 4257533x^40 + 3427397x^39 + 1233343x^38 + 441641x^37 + 910626x^36 + 1168515x^35 + 4887241x^34 + 4732809x^33 + 237348x^32 + 4589445x^31 + 632190x^30 + 2795442x^29 + 978948x^28 + 3395389x^27 + 1797059x^26 + 3767614x^25 + 2872164x^24 + 1353593x^23 + 3399602x^22 + 2665839x^21 + 181143x^20 + 2923391x^19 + 271240x^18 + 3060965x^17 + 3981597x^16 + 3456626x^15 + 4334695x^14 + 4172639x^13 + 1761477x^12 + 4790132x^11 + 1793482x^10 + 2075311x^9 + 4251930x^8 + 3595418x^7 + 239426x^6 + 4243618x^5 + 2757428x^4 + 1051197x^3 + 2737052x^2 + 5052717x^1 + 4656116x^0
etaB_z_hatB(x) = 2796185x^42 + 571982x^41 + 4123202x^40 + 1037658x^39 + 2707826x^38 + 1649943x^37 + 4253962x^36 + 1879270x^35 + 2688644x^34 + 3275422x^33 + 3216713x^32 + 1509085x^31 + 1339269x^30 + 4789263x^29 + 641606x^28 + 1937180x^27 + 1493518x^26 + 726961x^25 + 4191333x^24 + 1932084x^23 + 1278416x^22 + 4863715x^21 + 1407198x^20 + 34476x^19 + 2376182x^18 + 2409330x^17 + 11625x^16 + 228838x^15 + 3866194x^14 + 3407317x^13 + 2463018x^12 + 4774313x^11 + 32952x^10 + 3625281x^9 + 4764908x^8 + 763260x^7 + 811716x^6 + 4550399x^5 + 912322x^4 + 4984999x^3 + 2846271x^2 + 774939x^1 + 3796845x^0
etaC_z_hatC(x) = 1978093x^42 + 2841406x^41 + 2938671x^40 + 4422683x^39 + 2721808x^38 + 3563666x^37 + 4857351x^36 + 2787495x^35 + 2308827x^34 + 583394x^33 + 3494590x^32 + 5032399x^31 + 3351909x^30 + 2412995x^29 + 1415829x^28 + 725612x^27 + 92359x^26 + 4526026x^25 + 631735x^24 + 2284603x^23 + 2233559x^22 + 3260495x^21 + 354941x^20 + 2916299x^19 + 3160718x^18 + 4924599x^17 + 979141x^16 + 1192334x^15 + 4515115x^14 + 2750079x^13 + 2803148x^12 + 4278354x^11 + 4759574x^10 + 62462x^9 + 405589x^8 + 1142054x^7 + 1471200x^6 + 4089778x^5 + 4346517x^4 + 1324401x^3 + 2968650x^2 + 3510510x^1 + 1499214x^0
Sum_M_z_hatM(x) = 1718770x^42 + 2370459x^41 + 1144844x^40 + 3800457x^39 + 1575696x^38 + 567969x^37 + 4934658x^36 + 747999x^35 + 4797431x^34 + 3504344x^33 + 1861370x^32 + 956367x^31 + 236087x^30 + 4910419x^29 + 3036383x^28 + 970900x^27 + 3382936x^26 + 3933320x^25 + 2607951x^24 + 482999x^23 + 1824296x^22 + 615487x^21 + 1943282x^20 + 786885x^19 + 720859x^18 + 220332x^17 + 4972363x^16 + 4877798x^15 + 2541442x^14 + 155473x^13 + 1940362x^12 + 3668237x^11 + 1498727x^10 + 675773x^9 + 4335146x^8 + 413451x^7 + 2522342x^6 + 2709233x^5 + 2928986x^4 + 2273316x^3 + 3464692x^2 + 4250885x^1 + 4864894x^0
r(alpha, x) = 1x^40 + 2984863x^39 + 1040659x^38 + 1988051x^37 + 949563x^36 + 2990372x^35 + 2558734x^34 + 1612795x^33 + 206529x^32 + 4408071x^31 + 3902204x^30 + 822750x^29 + 2701558x^28 + 2625388x^27 + 1285849x^26 + 4302361x^25 + 2463937x^24 + 124204x^23 + 1408458x^22 + 1462069x^21 + 2528507x^20 + 1087429x^19 + 3952640x^18 + 2553666x^17 + 3900805x^16 + 1657114x^15 + 1781983x^14 + 4084746x^13 + 627553x^12 + 2516915x^11 + 4240895x^10 + 2576763x^9 + 2449404x^8 + 355312x^7 + 1997624x^6 + 4872966x^5 + 4322781x^4 + 2652736x^3 + 808247x^2 + 907498x^1 + 3910638x^0
r(alpha, x)Sum_M_z_hatM(x) = 1718770x^82 + 1388114x^81 + 340057x^80 + 2877966x^79 + 3980564x^78 + 2424143x^77 + 3257428x^76 + 2820171x^75 + 1656643x^74 + 3505410x^73 + 1931789x^72 + 3776915x^71 + 1672021x^70 + 3598236x^69 + 2327256x^68 + 1535196x^67 + 22177x^66 + 3539699x^65 + 4726619x^64 + 3530665x^63 + 1279922x^62 + 2110884x^61 + 2228054x^60 + 2162460x^59 + 2089378x^58 + 4440365x^57 + 3152620x^56 + 1599199x^55 + 1791160x^54 + 1319785x^53 + 2614219x^52 + 3971632x^51 + 4998306x^50 + 3994953x^49 + 3471544x^48 + 4474263x^47 + 656764x^46 + 62901x^45 + 2603963x^44 + 5078841x^43 + 3436484x^42 + 871419x^41 + 1068209x^40 + 1541307x^39 + 3073434x^38 + 3863821x^37 + 114418x^36 + 3094704x^35 + 1309771x^34 + 1368550x^33 + 4678905x^32 + 1712418x^31 + 3701x^30 + 2567146x^29 + 4592654x^28 + 3804282x^27 + 1071022x^26 + 3114784x^25 + 83873x^24 + 611578x^23 + 4760814x^22 + 3020260x^21 + 971645x^20 + 4226021x^19 + 2817335x^18 + 4870869x^17 + 1121502x^16 + 2991500x^15 + 2523936x^14 + 2305160x^13 + 24034x^12 + 2317351x^11 + 4620626x^10 + 4504918x^9 + 93979x^8 + 4536870x^7 + 1724003x^6 + 4701571x^5 + 1400918x^4 + 3737417x^3 + 2204213x^2 + 1668722x^1 + 721325x^0
v_H = 1x^33 + 1275300x^32 + 1180817x^31 + 2462922x^30 + 4817258x^29 + 439912x^28 + 2622727x^27 + 524928x^26 + 3833246x^25 + 3338340x^24 + 1907629x^23 + 946630x^22 + 2268685x^21 + 2141882x^20 + 4284532x^19 + 4950465x^18 + 2963931x^17 + 4781593x^16 + 1329868x^15 + 3767292x^14 + 1992354x^13 + 3371107x^12 + 112510x^11 + 2591303x^10 + 1578987x^9 + 1254063x^8 + 301008x^7 + 1017060x^6 + 2045538x^5 + 3312026x^4 + 2360538x^3 + 3811643x^2 + 385191x^1 + 2337929x^0
z_hat(x) = 2914922x^42 + 1092613x^41 + 1200564x^40 + 1261559x^39 + 2322521x^38 + 586028x^37 + 1489457x^36 + 3835315x^35 + 1810756x^34 + 3064544x^33 + 3417317x^32 + 1541534x^31 + 2716921x^30 + 1925621x^29 + 807302x^28 + 3497367x^27 + 1995031x^26 + 2665149x^25 + 3480328x^24 + 4843061x^23 + 2994860x^22 + 3436769x^21 + 938452x^20 + 637316x^19 + 413557x^18 + 4690923x^17 + 4582434x^16 + 2289803x^15 + 2271190x^14 + 3151117x^13 + 2406472x^12 + 2414145x^11 + 613845x^10 + 975281x^9 + 523413x^8 + 1164069x^7 + 2799833x^6 + 1223923x^5 + 929371x^4 + 3917569x^3 + 3999296x^2 + 1738573x^1 + 2078219x^0
A_hat(x) = 4647902x^40 + 4380310x^39 + 4806594x^38 + 1331631x^37 + 4644257x^36 + 2450074x^35 + 2073272x^34 + 2456173x^33 + 4873147x^32 + 1090389x^31 + 4367531x^30 + 1937038x^29 + 1330825x^28 + 3588868x^27 + 1649860x^26 + 73831x^25 + 5015055x^24 + 1351420x^23 + 3702384x^22 + 1800474x^21 + 365349x^20 + 2402838x^19 + 4145199x^18 + 2792973x^17 + 340871x^16 + 3755274x^15 + 1246653x^14 + 1760348x^13 + 865640x^12 + 755704x^11 + 3319503x^10 + 714563x^9 + 2592987x^8 + 2601142x^7 + 1776268x^6 + 1792809x^5 + 1589289x^4 + 2763682x^3 + 2820156x^2 + 2877986x^1 + 2116213x^0
B_hat(x) = 1966723x^40 + 4567976x^39 + 3254191x^38 + 473248x^37 + 1304945x^36 + 2748699x^35 + 3573970x^34 + 3271037x^33 + 4403157x^32 + 1525728x^31 + 1665838x^30 + 3998900x^29 + 1877218x^28 + 3976215x^27 + 28796x^26 + 2594383x^25 + 4994614x^24 + 3948698x^23 + 2250628x^22 + 1023975x^21 + 4569036x^20 + 2143550x^19 + 1453879x^18 + 3065724x^17 + 4151691x^16 + 1864243x^15 + 4928156x^14 + 3453117x^13 + 1860225x^12 + 1029296x^11 + 4426027x^10 + 4335308x^9 + 4282296x^8 + 2849419x^7 + 366800x^6 + 2751352x^5 + 4681901x^4 + 2491757x^3 + 3983013x^2 + 1760252x^1 + 1820423x^0
C_hat(x) = 159245x^40 + 4488478x^39 + 3578372x^38 + 1108011x^37 + 1799736x^36 + 3622242x^35 + 138847x^34 + 332133x^33 + 4746567x^32 + 4407095x^31 + 2332501x^30 + 1551714x^29 + 3543364x^28 + 4635098x^27 + 4742825x^26 + 143609x^25 + 1684170x^24 + 2438841x^23 + 1347129x^22 + 4824902x^21 + 4520117x^20 + 101417x^19 + 670454x^18 + 1163280x^17 + 845773x^16 + 3840725x^15 + 3512566x^14 + 879710x^13 + 2824922x^12 + 2725654x^11 + 562440x^10 + 372316x^9 + 2137573x^8 + 1903156x^7 + 2563582x^6 + 391486x^5 + 3957801x^4 + 1450006x^3 + 4600372x^2 + 3893897x^1 + 2116213x^0
eta_A_hat:  = 4845125x^40 + 2805664x^39 + 2107620x^38 + 2884096x^37 + 73047x^36 + 1399581x^35 + 3709844x^34 + 386468x^33 + 4118025x^32 + 3429978x^31 + 1095632x^30 + 4475974x^29 + 1177085x^28 + 2046381x^27 + 2562864x^26 + 5015407x^25 + 2215030x^24 + 4001892x^23 + 4013824x^22 + 3470204x^21 + 1249601x^20 + 2751579x^19 + 4514334x^18 + 3892712x^17 + 1316082x^16 + 800933x^15 + 296707x^14 + 2762825x^13 + 4816217x^12 + 180480x^11 + 2973947x^10 + 3426928x^9 + 268026x^8 + 428145x^7 + 4226360x^6 + 699647x^5 + 4460888x^4 + 3706865x^3 + 5398x^2 + 2659869x^1 + 4578544x^0
eta_B_hat:  = 2118082x^40 + 2043068x^39 + 2634229x^38 + 575839x^37 + 1796989x^36 + 2136930x^35 + 202465x^34 + 2744659x^33 + 2113208x^32 + 3826512x^31 + 4774565x^30 + 3323200x^29 + 2133516x^28 + 3242139x^27 + 1934857x^26 + 2298871x^25 + 4195956x^24 + 4719669x^23 + 3174056x^22 + 1404092x^21 + 3920527x^20 + 2141757x^19 + 2939384x^18 + 4166795x^17 + 1300079x^16 + 4228811x^15 + 4367301x^14 + 3208036x^13 + 4128787x^12 + 1042765x^11 + 1586071x^10 + 1687767x^9 + 1322744x^8 + 4299866x^7 + 2147178x^6 + 5074540x^5 + 3141994x^4 + 5082075x^3 + 2314906x^2 + 4762320x^1 + 620905x^0
eta_C_hat:  = 4690488x^40 + 3254872x^39 + 3442799x^38 + 4123507x^37 + 3879996x^36 + 3567973x^35 + 3022957x^34 + 4799720x^33 + 4220186x^32 + 997027x^31 + 4500261x^30 + 4576392x^29 + 3808153x^28 + 2788427x^27 + 1676653x^26 + 4024778x^25 + 2536043x^24 + 4168205x^23 + 3778120x^22 + 4321938x^21 + 261005x^20 + 2739895x^19 + 4316212x^18 + 1024279x^17 + 3803399x^16 + 4486842x^15 + 1700440x^14 + 2004474x^13 + 2418982x^12 + 3253853x^11 + 1851807x^10 + 1400474x^9 + 3888644x^8 + 1976432x^7 + 4212884x^6 + 1752036x^5 + 2949953x^4 + 2216488x^3 + 4044251x^2 + 2342729x^1 + 2358451x^0
Sum_M_eta_M_r_M(alpha ,x) = 1479133x^40 + 3016323x^39 + 3097367x^38 + 2496161x^37 + 662751x^36 + 2017203x^35 + 1847985x^34 + 2843566x^33 + 276857x^32 + 3166236x^31 + 195896x^30 + 2201004x^29 + 2031473x^28 + 2989666x^27 + 1087093x^26 + 1164494x^25 + 3859748x^24 + 2715204x^23 + 791438x^22 + 4108953x^21 + 343852x^20 + 2545950x^19 + 1595368x^18 + 3996505x^17 + 1332279x^16 + 4429305x^15 + 1277167x^14 + 2888054x^13 + 1189424x^12 + 4477098x^11 + 1324544x^10 + 1427888x^9 + 392133x^8 + 1617162x^7 + 411860x^6 + 2438942x^5 + 378273x^4 + 830866x^3 + 1277274x^2 + 4677637x^1 + 2470619x^0
Sum_M_eta_M_r_M(alpha ,x)z-hat(x) = 191349x^82 + 1210517x^81 + 299917x^80 + 51212x^79 + 4711630x^78 + 1121594x^77 + 2157228x^76 + 1997305x^75 + 3257084x^74 + 295402x^73 + 3113582x^72 + 3653483x^71 + 4202518x^70 + 1326594x^69 + 1129286x^68 + 2824596x^67 + 1737256x^66 + 99252x^65 + 683926x^64 + 2711832x^63 + 1614496x^62 + 4257548x^61 + 3196592x^60 + 815893x^59 + 593236x^58 + 4605212x^57 + 329625x^56 + 45877x^55 + 3338796x^54 + 1683276x^53 + 2235080x^52 + 2796509x^51 + 2127366x^50 + 54978x^49 + 3610100x^48 + 4757188x^47 + 2367756x^46 + 2285914x^45 + 4577258x^44 + 3163025x^43 + 1798155x^42 + 1653003x^41 + 2477534x^40 + 29508x^39 + 3088605x^38 + 4557692x^37 + 4413462x^36 + 4428480x^35 + 327891x^34 + 3508137x^33 + 1306349x^32 + 4409768x^31 + 980916x^30 + 2513412x^29 + 3784861x^28 + 796438x^27 + 628904x^26 + 4246055x^25 + 3730842x^24 + 1453065x^23 + 2369657x^22 + 1575303x^21 + 3966766x^20 + 611301x^19 + 5050630x^18 + 3640087x^17 + 449373x^16 + 3118941x^15 + 4657021x^14 + 212275x^13 + 1318587x^12 + 1051721x^11 + 1316225x^10 + 4504533x^9 + 2694836x^8 + 4876899x^7 + 2267748x^6 + 4434366x^5 + 4006004x^4 + 690760x^3 + 2118788x^2 + 3527585x^1 + 1467162x^0
Sum_check_protocol = 1527421x^82 + 177609x^81 + 40177x^80 + 2826754x^79 + 4356249x^78 + 1302563x^77 + 1100233x^76 + 822866x^75 + 3486922x^74 + 3210056x^73 + 3905488x^72 + 123495x^71 + 2556867x^70 + 2271642x^69 + 1197970x^68 + 3797881x^67 + 3372267x^66 + 3440473x^65 + 4042693x^64 + 818833x^63 + 4752707x^62 + 2940655x^61 + 4118791x^60 + 1346630x^59 + 1496200x^58 + 4922434x^57 + 2822995x^56 + 1553374x^55 + 3539692x^54 + 4723790x^53 + 379139x^52 + 1175123x^51 + 2870940x^50 + 3940033x^49 + 4948759x^48 + 4804364x^47 + 3376289x^46 + 2864268x^45 + 3114013x^44 + 1915857x^43 + 1638329x^42 + 4305697x^41 + 3677981x^40 + 1511799x^39 + 5072110x^38 + 4393410x^37 + 788237x^36 + 3753505x^35 + 981924x^34 + 2947694x^33 + 3372556x^32 + 2389931x^31 + 4110066x^30 + 53746x^29 + 807864x^28 + 3007913x^27 + 442173x^26 + 3956010x^25 + 1440376x^24 + 4245848x^23 + 2391162x^22 + 1444998x^21 + 2092210x^20 + 3614720x^19 + 2854000x^18 + 1230782x^17 + 672129x^16 + 4959840x^15 + 2954252x^14 + 2092885x^13 + 3792728x^12 + 1265630x^11 + 3304401x^10 + 385x^9 + 2486424x^8 + 4747252x^7 + 4543595x^6 + 267233x^5 + 2482195x^4 + 3046657x^3 + 85489x^2 + 3228492x^1 + 4341526x^0
h1(x) = 1527421x^41 + 177609x^40 + 40177x^39 + 2826754x^38 + 4356249x^37 + 1302563x^36 + 1100233x^35 + 822866x^34 + 3486922x^33 + 3210056x^32 + 3905488x^31 + 123495x^30 + 2556867x^29 + 2271642x^28 + 1197970x^27 + 3797881x^26 + 3372267x^25 + 3440473x^24 + 4042693x^23 + 818833x^22 + 4752707x^21 + 2940655x^20 + 4118791x^19 + 1346630x^18 + 1496200x^17 + 4922434x^16 + 2822995x^15 + 1553374x^14 + 3539692x^13 + 4723790x^12 + 379139x^11 + 1175123x^10 + 2870940x^9 + 3940033x^8 + 4948759x^7 + 4804364x^6 + 3376289x^5 + 2864268x^4 + 3114013x^3 + 1915857x^2 + 1638329x^1 + 745837x^0
g1(x) = 3855590x^39 + 1551976x^38 + 2811583x^37 + 3662378x^36 + 2090800x^35 + 4853738x^34 + 1804790x^33 + 1347335x^32 + 1495331x^31 + 1208138x^30 + 4233561x^29 + 2610613x^28 + 3079506x^27 + 4205883x^26 + 4240054x^25 + 2240996x^24 + 4880849x^23 + 3201260x^22 + 3209995x^21 + 1110424x^20 + 5032865x^19 + 2646230x^18 + 4200630x^17 + 2726982x^16 + 507282x^15 + 2695554x^14 + 4507626x^13 + 545296x^12 + 3429237x^11 + 1644769x^10 + 4479524x^9 + 2871325x^8 + 1339176x^7 + 4608730x^6 + 4260678x^5 + 3643522x^4 + 259182x^3 + 1073389x^2 + 2001346x^1 + 4866821x^0
sigma2 = 1037071
A_hat_M_hat = 4893357x^40 + 424848x^39 + 199377x^38 + 1864075x^37 + 3955766x^36 + 750470x^35 + 1213641x^34 + 1149324x^33 + 3379145x^32 + 2968118x^31 + 36573x^30 + 3133719x^29 + 4454948x^28 + 180997x^27 + 4424298x^26 + 1588275x^25 + 1493594x^24 + 432937x^23 + 3530963x^22 + 2707025x^21 + 1878935x^20 + 632063x^19 + 2001676x^18 + 3800339x^17 + 2262231x^16 + 3410919x^15 + 848142x^14 + 3639812x^13 + 1408253x^12 + 4751329x^11 + 272534x^10 + 3980053x^9 + 3798211x^8 + 377171x^7 + 152023x^6 + 1703017x^5 + 1778210x^4 + 3664493x^3 + 257803x^2 + 4520675x^1 + 3651719x^0
B_hat_M_hat = 2284063x^40 + 888728x^39 + 2566521x^38 + 4442648x^37 + 4501936x^36 + 3469609x^35 + 2567201x^34 + 706693x^33 + 4561850x^32 + 1940644x^31 + 750534x^30 + 148819x^29 + 3742568x^28 + 4224800x^27 + 946903x^26 + 3000291x^25 + 2521493x^24 + 152404x^23 + 4239984x^22 + 2626397x^21 + 4620594x^20 + 1200209x^19 + 1082415x^18 + 3809492x^17 + 4688078x^16 + 653928x^15 + 3383112x^14 + 4960274x^13 + 5066866x^12 + 1901662x^11 + 4830893x^10 + 2769745x^9 + 4529800x^8 + 2606319x^7 + 442473x^6 + 3288377x^5 + 1422505x^4 + 4265246x^3 + 2065883x^2 + 4718059x^1 + 4417447x^0
C_hat_M_hat = 4244377x^40 + 3199255x^39 + 4307032x^38 + 4212779x^37 + 3684334x^36 + 1528758x^35 + 678509x^34 + 3807917x^33 + 713344x^32 + 3890209x^31 + 4558602x^30 + 2175716x^29 + 4344337x^28 + 4093523x^27 + 1425069x^26 + 3298278x^25 + 3785243x^24 + 3160044x^23 + 201944x^22 + 4656947x^21 + 1389960x^20 + 3644148x^19 + 504790x^18 + 4678310x^17 + 4105677x^16 + 4557450x^15 + 1654803x^14 + 5075611x^13 + 2262690x^12 + 858257x^11 + 3968406x^10 + 472557x^9 + 2018125x^8 + 2059074x^7 + 2989047x^6 + 3616011x^5 + 3497850x^4 + 3751620x^3 + 2146857x^2 + 1048310x^1 + 741693x^0
eta_A_hat_M_hat:  = 3179855x^40 + 224468x^39 + 4979526x^38 + 4429521x^37 + 359491x^36 + 1984118x^35 + 4796950x^34 + 301467x^33 + 1020877x^32 + 547508x^31 + 283286x^30 + 683619x^29 + 2442090x^28 + 944324x^27 + 1896438x^26 + 1328723x^25 + 4606276x^24 + 30207x^23 + 1764086x^22 + 1800932x^21 + 3130539x^20 + 3045375x^19 + 3295351x^18 + 4287104x^17 + 3932154x^16 + 3593567x^15 + 3204420x^14 + 1642412x^13 + 69797x^12 + 738682x^11 + 3909401x^10 + 500736x^9 + 4577196x^8 + 2908404x^7 + 3077215x^6 + 4945922x^5 + 4325001x^4 + 2820078x^3 + 1738714x^2 + 2021456x^1 + 1291053x^0
eta_B_hat_M_hat:  = 362485x^40 + 252971x^39 + 4773114x^38 + 3673648x^37 + 3425103x^36 + 1952370x^35 + 1850105x^34 + 1429077x^33 + 1338538x^32 + 2965429x^31 + 375642x^30 + 3170393x^29 + 1925536x^28 + 2307202x^27 + 2866011x^26 + 418418x^25 + 2826676x^24 + 3208993x^23 + 3591736x^22 + 1189046x^21 + 2410944x^20 + 1754858x^19 + 671036x^18 + 304686x^17 + 1973932x^16 + 3166902x^15 + 4838284x^14 + 1733121x^13 + 2355759x^12 + 4461419x^11 + 2553777x^10 + 951583x^9 + 3171689x^8 + 3839338x^7 + 1379719x^6 + 1973504x^5 + 2495149x^4 + 3615401x^3 + 1709938x^2 + 4687833x^1 + 2706974x^0
eta_C_hat_M_hat:  = 4967388x^40 + 591245x^39 + 2135771x^38 + 477839x^37 + 510014x^36 + 4500919x^35 + 1717280x^34 + 1227683x^33 + 2032365x^32 + 2350992x^31 + 2540475x^30 + 3572822x^29 + 1410761x^28 + 1120234x^27 + 287382x^26 + 425939x^25 + 2042680x^24 + 4137290x^23 + 540721x^22 + 1424892x^21 + 1344049x^20 + 4332747x^19 + 1906484x^18 + 2531598x^17 + 1542692x^16 + 2366491x^15 + 1916271x^14 + 4172667x^13 + 3424856x^12 + 3427816x^11 + 1584022x^10 + 2267000x^9 + 1110521x^8 + 3196870x^7 + 3324458x^6 + 3050859x^5 + 1738929x^4 + 3606401x^3 + 4160279x^2 + 335592x^1 + 2215764x^0
r_Sum_M_eta_M_M_hat_x_beta1 = 3422447x^80 + 1527271x^79 + 4257746x^78 + 962375x^77 + 3171178x^76 + 2843553x^75 + 4882174x^74 + 232988x^73 + 165162x^72 + 3754149x^71 + 2056596x^70 + 456193x^69 + 2490643x^68 + 553972x^67 + 1370394x^66 + 2056490x^65 + 1520935x^64 + 2164615x^63 + 4234362x^62 + 1342446x^61 + 1964375x^60 + 2799245x^59 + 3125063x^58 + 1134306x^57 + 2073083x^56 + 4323487x^55 + 3616093x^54 + 3007346x^53 + 4154948x^52 + 2416125x^51 + 4308260x^50 + 1723271x^49 + 2149022x^48 + 3760260x^47 + 4146712x^46 + 2168617x^45 + 2295555x^44 + 716251x^43 + 4139137x^42 + 1870033x^41 + 3287384x^40 + 3126958x^39 + 1007696x^38 + 3260296x^37 + 204737x^36 + 2846647x^35 + 2019721x^34 + 620224x^33 + 371763x^32 + 1796257x^31 + 354565x^30 + 4223627x^29 + 3651489x^28 + 2234932x^27 + 859935x^26 + 420649x^25 + 4890221x^24 + 3675192x^23 + 644756x^22 + 3413185x^21 + 4026285x^20 + 1162695x^19 + 714657x^18 + 4411630x^17 + 2888819x^16 + 4119217x^15 + 431367x^14 + 4838133x^13 + 4373344x^12 + 3280495x^11 + 2611552x^10 + 2239141x^9 + 1791160x^8 + 3209057x^7 + 3537548x^6 + 3614623x^5 + 369983x^4 + 4200084x^3 + 4672713x^2 + 3598443x^1 + 1133182x^0
h2(x) = 3422447x^39 + 1527271x^38 + 4257746x^37 + 962375x^36 + 3171178x^35 + 2843553x^34 + 4882174x^33 + 232988x^32 + 165162x^31 + 3754149x^30 + 2056596x^29 + 456193x^28 + 2490643x^27 + 553972x^26 + 1370394x^25 + 2056490x^24 + 1520935x^23 + 2164615x^22 + 4234362x^21 + 1342446x^20 + 1964375x^19 + 2799245x^18 + 3125063x^17 + 1134306x^16 + 2073083x^15 + 4323487x^14 + 3616093x^13 + 3007346x^12 + 4154948x^11 + 2416125x^10 + 4308260x^9 + 1723271x^8 + 2149022x^7 + 3760260x^6 + 4146712x^5 + 2168617x^4 + 2295555x^3 + 716251x^2 + 4139137x^1 + 1870033x^0
g2(x) = 3287384x^39 + 1462124x^38 + 2534967x^37 + 2430761x^36 + 1167112x^35 + 930544x^34 + 4863274x^33 + 415117x^32 + 604751x^31 + 1961419x^30 + 4108714x^29 + 1192942x^28 + 4107682x^27 + 4725575x^26 + 1413907x^25 + 1791043x^24 + 1859430x^23 + 108846x^22 + 2809371x^21 + 2560266x^20 + 281450x^19 + 3127070x^18 + 3513902x^17 + 2449412x^16 + 4023125x^15 + 1105019x^14 + 4754854x^13 + 3366945x^12 + 2293409x^11 + 2348162x^10 + 5027677x^9 + 1460120x^8 + 3514431x^7 + 270798x^6 + 2210527x^5 + 2674054x^4 + 2538600x^3 + 1408358x^2 + 301683x^1 + 2650299x^0
vH(beta1) = 1791569
vH(beta2) = 1487183
sigma3 = 3228468
poly_pi_a = 2978250x^30 + 1921898x^29 + 500778x^28 + 4746405x^27 + 766609x^26 + 4399274x^25 + 463622x^24 + 2255075x^23 + 1666376x^22 + 3564421x^21 + 3995926x^20 + 2746682x^19 + 2960309x^18 + 3929758x^17 + 2860059x^16 + 4850402x^15 + 3315282x^14 + 2331874x^13 + 1787134x^12 + 2475932x^11 + 4143359x^10 + 633161x^9 + 1528415x^8 + 4180395x^7 + 383831x^6 + 1917226x^5 + 4974231x^4 + 2000781x^3 + 943379x^2 + 2511634x^1 + 4193507x^0
poly_pi_b = 3100033x^30 + 2370151x^29 + 4883661x^28 + 1567410x^27 + 2202863x^26 + 4834114x^25 + 361135x^24 + 390840x^23 + 4517050x^22 + 581360x^21 + 2417629x^20 + 1694549x^19 + 2423418x^18 + 4803842x^17 + 2797642x^16 + 4424820x^15 + 2491351x^14 + 2630719x^13 + 4691582x^12 + 4620188x^11 + 4208791x^10 + 3324641x^9 + 2618087x^8 + 1863958x^7 + 4487304x^6 + 1195611x^5 + 4903869x^4 + 4016359x^3 + 3602790x^2 + 3273190x^1 + 2681153x^0
poly_pi_c = 4396641x^30 + 3605705x^29 + 1850295x^28 + 659946x^27 + 2838142x^26 + 3657197x^25 + 2034464x^24 + 1172242x^23 + 76350x^22 + 2684208x^21 + 2350277x^20 + 2774350x^19 + 861712x^18 + 3735217x^17 + 3032473x^16 + 4266870x^15 + 1862857x^14 + 3478871x^13 + 2340497x^12 + 2704053x^11 + 4849073x^10 + 1864070x^9 + 206395x^8 + 317416x^7 + 3361198x^6 + 2065425x^5 + 4655100x^4 + 3657393x^3 + 5030020x^2 + 1863468x^1 + 1931648x^0
poly_sig_a = 222769x^15 + 4049729x^14 + 4555817x^13 + 189476x^12 + 3688546x^11 + 352417x^10 + 880512x^9 + 205837x^8 + 4671175x^7 + 2116277x^6 + 2818175x^5 + 3516356x^4 + 4619830x^3 + 3529270x^2 + 4965457x^1 + 2288357x^0
poly_sig_b = 4600770x^15 + 2352847x^14 + 2793868x^13 + 1027230x^12 + 3322236x^11 + 1686973x^10 + 2596333x^9 + 3331141x^8 + 443404x^7 + 3823228x^6 + 3050308x^5 + 3447299x^4 + 3574182x^3 + 1647669x^2 + 1840880x^1 + 341373x^0
poly_sig_c = 4420963x^15 + 1734409x^14 + 743858x^13 + 1034570x^12 + 2317653x^11 + 4620414x^10 + 4309160x^9 + 370266x^8 + 3302177x^7 + 1917687x^6 + 1571576x^5 + 3919506x^4 + 1082390x^3 + 2482239x^2 + 2189646x^1 + 3858332x^0
a(x) = 3155416x^75 + 118300x^74 + 2656969x^73 + 3864150x^72 + 2092310x^71 + 4982410x^70 + 3389600x^69 + 178988x^68 + 3347952x^67 + 1200587x^66 + 3826511x^65 + 4132419x^64 + 3234461x^63 + 1519216x^62 + 1588922x^61 + 2210000x^60 + 1654912x^59 + 3426221x^58 + 679390x^57 + 3060281x^56 + 2560969x^55 + 1058303x^54 + 5017940x^53 + 272396x^52 + 4038376x^51 + 2914593x^50 + 251736x^49 + 1873389x^48 + 2850718x^47 + 1657677x^46 + 2505281x^45 + 4294999x^44 + 3461684x^43 + 1139472x^42 + 5041324x^41 + 2826993x^40 + 2411387x^39 + 4931571x^38 + 4517679x^37 + 1428973x^36 + 1023135x^35 + 3130013x^34 + 1790248x^33 + 1111031x^32 + 2048478x^31 + 3525078x^30 + 1479425x^29 + 3952914x^28 + 1828140x^27 + 4848835x^26 + 4823378x^25 + 311245x^24 + 1008370x^23 + 1445087x^22 + 2275978x^21 + 2799393x^20 + 2669984x^19 + 3601577x^18 + 3430608x^17 + 3859323x^16 + 2937502x^15 + 1913572x^14 + 965518x^13 + 844341x^12 + 3022259x^11 + 486972x^10 + 4806208x^9 + 2663165x^8 + 257745x^7 + 8051x^6 + 87026x^5 + 2010972x^4 + 3095095x^3 + 4455733x^2 + 251976x^1 + 2898639x^0
b(x) = 3921634x^90 + 1293896x^89 + 4972296x^88 + 2553555x^87 + 2445719x^86 + 3771807x^85 + 1759130x^84 + 3168344x^83 + 1644570x^82 + 2731623x^81 + 1447146x^80 + 101783x^79 + 3376609x^78 + 3958781x^77 + 2809741x^76 + 239919x^75 + 3235712x^74 + 4162110x^73 + 1640103x^72 + 3070775x^71 + 2795184x^70 + 1431417x^69 + 273627x^68 + 4117222x^67 + 3437125x^66 + 3895287x^65 + 3876772x^64 + 322050x^63 + 376238x^62 + 5048189x^61 + 4657323x^60 + 4499303x^59 + 2544350x^58 + 1164820x^57 + 3875399x^56 + 1860251x^55 + 354651x^54 + 4823302x^53 + 2219540x^52 + 2813152x^51 + 4012160x^50 + 3115093x^49 + 2224430x^48 + 2854700x^47 + 284516x^46 + 4474647x^45 + 4400474x^44 + 116560x^43 + 686505x^42 + 2221768x^41 + 4127170x^40 + 55639x^39 + 805843x^38 + 3493363x^37 + 2183814x^36 + 1813122x^35 + 2825209x^34 + 1232464x^33 + 1818638x^32 + 2269644x^31 + 681745x^30 + 3454519x^29 + 3823833x^28 + 83329x^27 + 3341384x^26 + 4612277x^25 + 2009522x^24 + 5044312x^23 + 1785836x^22 + 2357184x^21 + 3763219x^20 + 1976582x^19 + 2163836x^18 + 3121394x^17 + 2383373x^16 + 4554778x^15 + 4749887x^14 + 491453x^13 + 249601x^12 + 364866x^11 + 3452276x^10 + 2758397x^9 + 2095413x^8 + 4157677x^7 + 1586012x^6 + 3041973x^5 + 1703305x^4 + 4249736x^3 + 2899733x^2 + 4088424x^1 + 108280x^0
poly_f_3(x) = 3970788x^15 + 4215652x^14 + 129846x^13 + 344957x^12 + 3284981x^11 + 458548x^10 + 2549682x^9 + 2432636x^8 + 691028x^7 + 3597876x^6 + 1294551x^5 + 54170x^4 + 3401862x^3 + 2553626x^2 + 4107919x^1 + 4017240x^0
g3(x) = 3970788x^14 + 4215652x^13 + 129846x^12 + 344957x^11 + 3284981x^10 + 458548x^9 + 2549682x^8 + 2432636x^7 + 691028x^6 + 3597876x^5 + 1294551x^4 + 54170x^3 + 3401862x^2 + 2553626x^1 + 4107919x^0
sigma_3_set_k = 4017240
f3(x)new = 3970788x^15 + 4215652x^14 + 129846x^13 + 344957x^12 + 3284981x^11 + 458548x^10 + 2549682x^9 + 2432636x^8 + 691028x^7 + 3597876x^6 + 1294551x^5 + 54170x^4 + 3401862x^3 + 2553626x^2 + 4107919x^1
h3(x) = 1684011x^89 + 498953x^88 + 3530736x^87 + 1989397x^86 + 1998833x^85 + 4908144x^84 + 1843926x^83 + 1876806x^82 + 3388237x^81 + 1607703x^80 + 3089839x^79 + 1155926x^78 + 3601138x^77 + 5012252x^76 + 3331196x^75 + 4615845x^74 + 2344363x^73 + 280798x^72 + 4392869x^71 + 3717009x^70 + 3528174x^69 + 291691x^68 + 1003088x^67 + 410620x^66 + 3181581x^65 + 1690989x^64 + 708655x^63 + 1109241x^62 + 2077195x^61 + 2025709x^60 + 4486422x^59 + 3725237x^58 + 3112606x^57 + 956767x^56 + 881163x^55 + 1719684x^54 + 2248754x^53 + 681876x^52 + 4157296x^51 + 3637722x^50 + 4558215x^49 + 46550x^48 + 4405946x^47 + 2827249x^46 + 846066x^45 + 4341240x^44 + 1938451x^43 + 1088310x^42 + 612792x^41 + 2832993x^40 + 4855424x^39 + 4774675x^38 + 3992112x^37 + 4929646x^36 + 3503614x^35 + 3774003x^34 + 1039501x^33 + 3582043x^32 + 3058825x^31 + 2329260x^30 + 1974998x^29 + 2555320x^28 + 1955980x^27 + 4988967x^26 + 230794x^25 + 4390706x^24 + 563407x^23 + 2233418x^22 + 2222776x^21 + 3914710x^20 + 3114985x^19 + 4193189x^18 + 1372411x^17 + 4312044x^16 + 1350388x^15 + 457725x^14 + 4714947x^13 + 2369781x^12 + 3649806x^11 + 4891963x^10 + 2688442x^9 + 4790350x^8 + 1359566x^7 + 11178x^6 + 3928451x^5 + 3892192x^4 + 1750832x^3 + 3737565x^2 + 4444551x^1 + 973937x^0
p(x) = 3891451x^89 + 2218861x^88 + 4938478x^87 + 1169792x^86 + 2232936x^85 + 1766104x^84 + 3175028x^83 + 2348689x^82 + 4791265x^81 + 2493905x^80 + 1264269x^79 + 1218128x^78 + 1506117x^77 + 3632831x^76 + 4386389x^75 + 1724162x^74 + 4039649x^73 + 4374214x^72 + 4862653x^71 + 1648549x^70 + 4378096x^69 + 3742578x^68 + 3462393x^67 + 4705698x^66 + 4617546x^65 + 4845865x^64 + 2682350x^63 + 934893x^62 + 2859448x^61 + 3144380x^60 + 4749855x^59 + 304639x^58 + 4456956x^57 + 4029456x^56 + 3985812x^55 + 1052236x^54 + 3022601x^53 + 458796x^52 + 4664060x^51 + 3093567x^50 + 4624407x^49 + 4197243x^48 + 3525805x^47 + 1611329x^46 + 1285051x^45 + 4467484x^44 + 2824448x^43 + 378842x^42 + 3398690x^41 + 1032973x^40 + 1787074x^39 + 4104399x^38 + 2854330x^37 + 664583x^36 + 4480508x^35 + 3846909x^34 + 4353520x^33 + 1601710x^32 + 239437x^31 + 710294x^30 + 4670620x^29 + 1491990x^28 + 313608x^27 + 4304484x^26 + 3491543x^25 + 1160128x^24 + 4336029x^23 + 4818995x^22 + 4624927x^21 + 3182318x^20 + 513001x^19 + 1022908x^18 + 4515890x^17 + 381084x^16 + 4608575x^15 + 2599332x^14 + 97799x^13 + 897780x^12 + 4722910x^11 + 3332843x^10 + 3165901x^9 + 3262882x^8 + 3798064x^7 + 2101087x^6 + 1151927x^5 + 193245x^4 + 1892799x^3 + 3460623x^2 + 2861086x^1 + 3861742x^0
y_prime = 3050707
div =  = 1x^1 + 3074419x^0
q(x) = 3891451x^88 + 3371270x^87 + 2436442x^86 + 2406300x^85 + 2696246x^84 + 463984x^83 + 629413x^82 + 2660298x^81 + 1523632x^80 + 1185120x^79 + 2256718x^78 + 4483739x^77 + 2538994x^76 + 1292026x^75 + 417510x^74 + 3440268x^73 + 2218589x^72 + 858512x^71 + 3084793x^70 + 3780689x^69 + 1912205x^68 + 2242374x^67 + 4555151x^66 + 2027783x^65 + 4321448x^64 + 979472x^63 + 4510631x^62 + 3182834x^61 + 2190378x^60 + 4096599x^59 + 829789x^58 + 40118x^57 + 956078x^56 + 4837045x^55 + 54909x^54 + 4112069x^53 + 3917955x^52 + 189806x^51 + 3145732x^50 + 2503653x^49 + 1177883x^48 + 2992901x^47 + 3105639x^46 + 3971033x^45 + 1717016x^44 + 70711x^43 + 2361512x^42 + 485497x^41 + 617409x^40 + 3533884x^39 + 3166766x^38 + 614030x^37 + 501959x^36 + 156393x^35 + 1058994x^34 + 1190489x^33 + 1929922x^32 + 137750x^31 + 4990875x^30 + 3070067x^29 + 3896054x^28 + 3909484x^27 + 1656528x^26 + 4894509x^25 + 2241792x^24 + 841832x^23 + 4074609x^22 + 2495530x^21 + 1221511x^20 + 2476690x^19 + 469360x^18 + 4063999x^17 + 2132243x^16 + 1238495x^15 + 3822835x^14 + 3804618x^13 + 2117479x^12 + 3756225x^11 + 4481131x^10 + 4895616x^9 + 1925306x^8 + 4890317x^7 + 4429988x^6 + 993629x^5 + 119380x^4 + 3028051x^3 + 4755066x^2 + 3249619x^1 + 4867542x^0
p_17_AHP = 1225892
Com2_AHP_x = 4565861
Com3_AHP_x = 4062208
Com4_AHP_x = 4756262
Com5_AHP_x = 3161921
Com6_AHP_x = 816670
Com7_AHP_x = 356475
Com8_AHP_x = 3991428
Com9_AHP_x = 2742496
Com10_AHP_x = 4684903
Com11_AHP_x = 4772757
Com12_AHP_x = 2570402
Com13_AHP_x = 3272404




{"commitmentID":"123456789","iot_manufacturer_name":"Fidesinnova","iot_device_name":"test","device_hardware_version":"1","firmware_version":"2","Class":3,"P1AHP":3362,"P2AHP":[1483134,3645375,183629,4968862,1916928,4761420,3263352,3680463,4474738,2914922],"P3AHP":[4065524,5071541,1350036,493420,531550,4289794,570013,3478878,4726890,1682758,454655,2505170,2899237,4190355,3766670,23957,3887879,4321127,4500194,886189,2758891,244338,1343843,4702836,4067948,2569981,74782,1988947,4107159,1556191,272584,1881561,460739,1126147,1354255,2393126,4715415,1068328,1978151,4318439,3102171,1145858,818093],"P4AHP":[2102211,1374765,1907172,1383572,378635,2397567,1728096,4960477,287026,1393036,883450,2933681,264339,4554320,2666803,3944786,683118,507127,1740284,3632832,2314535,4738348,3946056,1241710,3604408,1677391,3192398,2170019,2707348,595711,2923049,2575067,153121,2245545,1311976,4556717,4062940,831324,2068942,2477906,1151309,518359,783582],"P5AHP":[4980248,1670973,656853,15319,1390191,720417,16291,2505822,3415103,4403714,925087,1112779,1969449,480434,3022194,992228,1622399,4408773,2891588,2976052,43520,5049922,3908145,1090221,4629239,15933,2250917,959196,4215247,3790502,4612630,3377434,3999770,2313116,2163604,1165598,1969951,1453312,1961425,2027892,1085195,1749818,2649838],"P6AHP":[2001155,3965279,3138855,2846302,1723523,1560922,4506221,4740507,2333935,5034509,922552,2696833,3449107,3832574,4551106,626159,1700695,5452,267264,2742186,2880662,4424970,2824627,3506503,4739035,2469352,367516,3636795,1681025,3544258,4131169,1640826,3239664,4494102,4876492,3362781,3731110,3715479,912611,120238,1020622,4430523,4517612,4844878],"P7AHP":[82,74,64,0,0,28,59,0,0,0,0,0,0,0,56,0,0,0,14,0,50,41,5,54,64,0,55,69,71,12,0,0,0,0,44,0,0,0,0,0,25,0,0,41,27,0,0,8,34,58,0,0,0,0,47,52,0,0,58,63,48,38,0,0,0,26,65,0,0,0,83,63,0,48,82,0,33,14,34,0,37,12,0,0],"P8AHP":[4866821,2001346,1073389,259182,3643522,4260678,4608730,1339176,2871325,4479524,1644769,3429237,545296,4507626,2695554,507282,2726982,4200630,2646230,5032865,1110424,3209995,3201260,4880849,2240996,4240054,4205883,3079506,2610613,4233561,1208138,1495331,1347335,1804790,4853738,2090800,3662378,2811583,1551976,3855590],"P9AHP":[745837,1638329,1915857,3114013,2864268,3376289,4804364,4948759,3940033,2870940,1175123,379139,4723790,3539692,1553374,2822995,4922434,1496200,1346630,4118791,2940655,4752707,818833,4042693,3440473,3372267,3797881,1197970,2271642,2556867,123495,3905488,3210056,3486922,822866,1100233,1302563,4356249,2826754,40177,177609,1527421],"P10AHP":1037071,"P11AHP":[2650299,301683,1408358,2538600,2674054,2210527,270798,3514431,1460120,5027677,2348162,2293409,3366945,4754854,1105019,4023125,2449412,3513902,3127070,281450,2560266,2809371,108846,1859430,1791043,1413907,4725575,4107682,1192942,4108714,1961419,604751,415117,4863274,930544,1167112,2430761,2534967,1462124,3287384],"P12AHP":[1870033,4139137,716251,2295555,2168617,4146712,3760260,2149022,1723271,4308260,2416125,4154948,3007346,3616093,4323487,2073083,1134306,3125063,2799245,1964375,1342446,4234362,2164615,1520935,2056490,1370394,553972,2490643,456193,2056596,3754149,165162,232988,4882174,2843553,3171178,962375,4257746,1527271,3422447],"P13AHP":3228468,"P14AHP":[4107919,2553626,3401862,54170,1294551,3597876,691028,2432636,2549682,458548,3284981,344957,129846,4215652,3970788],"P15AHP":[973937,4444551,3737565,1750832,3892192,3928451,11178,1359566,4790350,2688442,4891963,3649806,2369781,4714947,457725,1350388,4312044,1372411,4193189,3114985,3914710,2222776,2233418,563407,4390706,230794,4988967,1955980,2555320,1974998,2329260,3058825,3582043,1039501,3774003,3503614,4929646,3992112,4774675,4855424,2832993,612792,1088310,1938451,4341240,846066,2827249,4405946,46550,4558215,3637722,4157296,681876,2248754,1719684,881163,956767,3112606,3725237,4486422,2025709,2077195,1109241,708655,1690989,3181581,410620,1003088,291691,3528174,3717009,4392869,280798,2344363,4615845,3331196,5012252,3601138,1155926,3089839,1607703,3388237,1876806,1843926,4908144,1998833,1989397,3530736,498953,1684011],"P16AHP":3050707,"P17AHP":1225892,"Com1_AHP_x":[0,115520,2474412,1118872,0,1113216,2404123,1302131,2474428,9,1,2474436,0,1129056,5,1129024,1129056,30,18,19,20,21,0,0,0,0,0,0,0,0,0,0],"Com2_AHP_x":4565861,"Com3_AHP_x":4062208,"Com4_AHP_x":4756262,"Com5_AHP_x":3161921,"Com6_AHP_x":816670,"Com7_AHP_x":356475,"Com8_AHP_x":3991428,"Com9_AHP_x":2742496,"Com10_AHP_x":4684903,"Com11_AHP_x":4772757,"Com12_AHP_x":2570402,"Com13_AHP_x":3272404}



Time taken: 242 milliseconds
